#
# There is insufficient memory for the Java Runtime Environment to continue.
# Native memory allocation (mmap) failed to map 169869312 bytes for committing reserved memory.
# Possible reasons:
#   The system is out of physical RAM or swap space
#   In 32 bit mode, the process size limit was hit
# Possible solutions:
#   Reduce memory load on the system
#   Increase physical memory or swap space
#   Check if swap backing store is full
#   Use 64 bit Java on a 64 bit OS
#   Decrease Java heap size (-Xmx/-Xms)
#   Decrease number of Java threads
#   Decrease Java thread stack sizes (-Xss)
#   Set larger code cache with -XX:ReservedCodeCacheSize=
# This output file may be truncated or incomplete.
#
#  Out of Memory Error (os_linux.cpp:2627), pid=3561, tid=0x00007f0fd83f3700
#
# JRE version: OpenJDK Runtime Environment (8.0_112-b06) (build 1.8.0_112-release-b06)
# Java VM: OpenJDK 64-Bit Server VM (25.112-b06 mixed mode linux-amd64 compressed oops)
# Failed to write core dump. Core dumps have been disabled. To enable core dumping, try "ulimit -c unlimited" before starting Java again
#

---------------  T H R E A D  ---------------

Current thread (0x00007f0ff0076800):  VMThread [stack: 0x00007f0fd82f3000,0x00007f0fd83f4000] [id=3570]

Stack: [0x00007f0fd82f3000,0x00007f0fd83f4000],  sp=0x00007f0fd83f24d0,  free space=1021k
Native frames: (J=compiled Java code, j=interpreted, Vv=VM code, C=native code)
V  [libjvm.so+0x9e465d]  VMError::report_and_die()+0x15d
V  [libjvm.so+0x4b6ada]  report_vm_out_of_memory(char const*, int, unsigned long, VMErrorType, char const*)+0x8a
V  [libjvm.so+0x84c860]  os::pd_commit_memory(char*, unsigned long, unsigned long, bool)+0xf0
V  [libjvm.so+0x84737f]  os::commit_memory(char*, unsigned long, unsigned long, bool)+0x1f
V  [libjvm.so+0x8bd3db]  PSVirtualSpace::expand_by(unsigned long)+0x5b
V  [libjvm.so+0x8ae1bb]  PSOldGen::expand_by(unsigned long) [clone .part.109]+0x1b
V  [libjvm.so+0x8ae37b]  PSOldGen::expand(unsigned long) [clone .part.111]+0xdb
V  [libjvm.so+0x8aec58]  PSOldGen::resize(unsigned long)+0x188
V  [libjvm.so+0x8b426c]  PSParallelCompact::invoke_no_policy(bool)+0x97c
V  [libjvm.so+0x8bb37d]  PSScavenge::invoke()+0x17d
V  [libjvm.so+0x86fcf3]  ParallelScavengeHeap::failed_mem_allocate(unsigned long)+0x63
V  [libjvm.so+0x9e6124]  VM_ParallelGCFailedAllocation::doit()+0x84
V  [libjvm.so+0x9ea537]  VM_Operation::evaluate()+0x47
V  [libjvm.so+0x9e8ff8]  VMThread::evaluate_operation(VM_Operation*)+0x2c8
V  [libjvm.so+0x9e9479]  VMThread::loop()+0x219
V  [libjvm.so+0x9e98c2]  VMThread::run()+0x72
V  [libjvm.so+0x849c82]  java_start(Thread*)+0xf2

VM_Operation (0x00007f0f55ea2130): ParallelGCFailedAllocation, mode: safepoint, requested by thread 0x00007f0f90004000


---------------  P R O C E S S  ---------------

Java Threads: ( => current thread )
  0x00007f0f68009800 JavaThread "Stdin handler" [_thread_blocked, id=4788, stack(0x00007f0f56cfb000,0x00007f0f56dfc000)]
  0x00007f0f68008800 JavaThread "Asynchronous log dispatcher for DefaultDaemonConnection: socket connection from /127.0.0.1:32881 to /127.0.0.1:33076" [_thread_blocked, id=4786, stack(0x00007f0fc2242000,0x00007f0fc2343000)]
  0x00007f0f90004000 JavaThread "Daemon worker Thread 5" [_thread_blocked, id=4784, stack(0x00007f0f55da9000,0x00007f0f55eaa000)]
  0x00007f0f90007000 JavaThread "Cancel handler" [_thread_blocked, id=4783, stack(0x00007f0f571fe000,0x00007f0f572ff000)]
  0x00007f0f90005800 JavaThread "Handler for socket connection from /127.0.0.1:32881 to /127.0.0.1:33076" [_thread_in_native, id=4782, stack(0x00007f0fc1f41000,0x00007f0fc2042000)]
  0x00007f0f9c010000 JavaThread "Daemon Thread 5" [_thread_blocked, id=4781, stack(0x00007f0fc2343000,0x00007f0fc2444000)]
  0x00007f0f68005000 JavaThread "pool-7-thread-4" [_thread_blocked, id=4033, stack(0x00007f0f570fd000,0x00007f0f571fe000)]
  0x00007f0f58030000 JavaThread "pool-7-thread-3" [_thread_blocked, id=3844, stack(0x00007f0fb4061000,0x00007f0fb4162000)]
  0x00007f0f6c007000 JavaThread "pool-7-thread-2" [_thread_blocked, id=3843, stack(0x00007f0f56dfc000,0x00007f0f56efd000)]
  0x00007f0f60012800 JavaThread "pool-7-thread-1" [_thread_blocked, id=3631, stack(0x00007f0f57eff000,0x00007f0f58000000)]
  0x00007f0f8c572000 JavaThread "pool-2-thread-1" [_thread_blocked, id=3595, stack(0x00007f0fc06de000,0x00007f0fc07df000)]
  0x00007f0f8d082000 JavaThread "File lock request listener" [_thread_in_native, id=3592, stack(0x00007f0fc0f7d000,0x00007f0fc107e000)]
  0x00007f0ff0d59800 JavaThread "pool-1-thread-1" [_thread_blocked, id=3585, stack(0x00007f0fc1d3f000,0x00007f0fc1e40000)]
  0x00007f0ff0cfa800 JavaThread "Incoming local TCP Connector on port 32881" [_thread_in_native, id=3580, stack(0x00007f0fc264b000,0x00007f0fc274c000)]
  0x00007f0ff00c6800 JavaThread "Service Thread" daemon [_thread_blocked, id=3577, stack(0x00007f0fc3afb000,0x00007f0fc3bfc000)]
  0x00007f0ff00bb800 JavaThread "C1 CompilerThread2" daemon [_thread_blocked, id=3576, stack(0x00007f0fc3bfc000,0x00007f0fc3cfd000)]
  0x00007f0ff00b9800 JavaThread "C2 CompilerThread1" daemon [_thread_blocked, id=3575, stack(0x00007f0fc3cfd000,0x00007f0fc3dfe000)]
  0x00007f0ff00b6800 JavaThread "C2 CompilerThread0" daemon [_thread_blocked, id=3574, stack(0x00007f0fc3dfe000,0x00007f0fc3eff000)]
  0x00007f0ff00b5000 JavaThread "Signal Dispatcher" daemon [_thread_blocked, id=3573, stack(0x00007f0fc3eff000,0x00007f0fc4000000)]
  0x00007f0ff0082800 JavaThread "Finalizer" daemon [_thread_blocked, id=3572, stack(0x00007f0fd80f1000,0x00007f0fd81f2000)]
  0x00007f0ff007e000 JavaThread "Reference Handler" daemon [_thread_blocked, id=3571, stack(0x00007f0fd81f2000,0x00007f0fd82f3000)]
  0x00007f0ff0008800 JavaThread "main" [_thread_blocked, id=3565, stack(0x00007f0ff7597000,0x00007f0ff7698000)]

Other Threads:
=>0x00007f0ff0076800 VMThread [stack: 0x00007f0fd82f3000,0x00007f0fd83f4000] [id=3570]
  0x00007f0ff00c9000 WatcherThread [stack: 0x00007f0fc39fa000,0x00007f0fc3afb000] [id=3578]

VM state:at safepoint (normal execution)

VM Mutex/Monitor currently owned by a thread:  ([mutex/lock_event])
[0x00007f0ff0005e90] ExpandHeap_lock - owner thread: 0x00007f0ff0076800
[0x00007f0ff0006510] Threads_lock - owner thread: 0x00007f0ff0076800
[0x00007f0ff0006a10] Heap_lock - owner thread: 0x00007f0f90004000

Heap:
 PSYoungGen      total 370176K, used 0K [0x00000000e0000000, 0x0000000100000000, 0x0000000100000000)
  eden space 216064K, 0% used [0x00000000e0000000,0x00000000e0000000,0x00000000ed300000)
  from space 154112K, 0% used [0x00000000ed300000,0x00000000ed300000,0x00000000f6980000)
  to   space 147456K, 0% used [0x00000000f7000000,0x00000000f7000000,0x0000000100000000)
 ParOldGen       total 483840K, used 452648K [0x00000000a0000000, 0x00000000bd880000, 0x00000000e0000000)
  object space 483840K, 93% used [0x00000000a0000000,0x00000000bba0a1c8,0x00000000bd880000)
 Metaspace       used 98626K, capacity 102786K, committed 103040K, reserved 1138688K
  class space    used 12438K, capacity 13116K, committed 13184K, reserved 1048576K

Card table byte_map: [0x00007f0ff4754000,0x00007f0ff4a55000] byte_map_base: 0x00007f0ff4254000

Marking Bits: (ParMarkBitMap*) 0x00007f0ff6a63340
 Begin Bits: [0x00007f0fd9000000, 0x00007f0fda800000)
 End Bits:   [0x00007f0fda800000, 0x00007f0fdc000000)

Polling page: 0x00007f0ff76b3000

CodeCache: size=245760Kb used=55887Kb max_used=55899Kb free=189872Kb
 bounds [0x00007f0fe1000000, 0x00007f0fe46f0000, 0x00007f0ff0000000]
 total_blobs=17257 nmethods=16452 adapters=718
 compilation: enabled

Compilation events (10 events):
Event: 858.576 Thread 0x00007f0ff00bb800 21566       1       org.gradle.api.internal.artifacts.ivyservice.resolutionstrategy.DefaultCachePolicy$CachedModuleResolutionControl::isChanging (5 bytes)
Event: 858.576 Thread 0x00007f0ff00bb800 nmethod 21566 0x00007f0fe46e3390 code [0x00007f0fe46e34e0, 0x00007f0fe46e35f0]
Event: 858.591 Thread 0x00007f0ff00b9800 21567       4       com.sun.org.apache.xerces.internal.util.XMLAttributesImpl::<init> (58 bytes)
Event: 858.593 Thread 0x00007f0ff00b6800 21568       4       com.sun.org.apache.xerces.internal.impl.dtd.XMLDTDProcessor::getFeatureDefault (36 bytes)
Event: 858.596 Thread 0x00007f0ff00b6800 nmethod 21568 0x00007f0fe46e1850 code [0x00007f0fe46e19a0, 0x00007f0fe46e1d98]
Event: 858.602 Thread 0x00007f0ff00b9800 nmethod 21567 0x00007f0fe46e8110 code [0x00007f0fe46e82a0, 0x00007f0fe46e88b8]
Event: 858.609 Thread 0x00007f0ff00bb800 21569       3       org.gradle.api.internal.artifacts.ivyservice.ivyresolve.memcache.InMemoryArtifactsCache::newArtifacts (41 bytes)
Event: 858.610 Thread 0x00007f0ff00bb800 nmethod 21569 0x00007f0fe46e2250 code [0x00007f0fe46e2440, 0x00007f0fe46e2f48]
Event: 858.616 Thread 0x00007f0ff00b6800 21570       4       org.gradle.internal.id.LongIdGenerator::generateId (5 bytes)
Event: 858.618 Thread 0x00007f0ff00b6800 nmethod 21570 0x00007f0fe46e1e90 code [0x00007f0fe46e1fe0, 0x00007f0fe46e2118]

GC Heap History (10 events):
Event: 683.812 GC heap after
Heap after GC invocations=31 (full 5):
 PSYoungGen      total 398848K, used 78012K [0x00000000e0000000, 0x0000000100000000, 0x0000000100000000)
  eden space 285696K, 0% used [0x00000000e0000000,0x00000000e0000000,0x00000000f1700000)
  from space 113152K, 68% used [0x00000000f9180000,0x00000000fddaf270,0x0000000100000000)
  to   space 119296K, 0% used [0x00000000f1700000,0x00000000f1700000,0x00000000f8b80000)
 ParOldGen       total 323584K, used 244825K [0x00000000a0000000, 0x00000000b3c00000, 0x00000000e0000000)
  object space 323584K, 75% used [0x00000000a0000000,0x00000000aef164b0,0x00000000b3c00000)
 Metaspace       used 89883K, capacity 93774K, committed 93952K, reserved 1130496K
  class space    used 11350K, capacity 12004K, committed 12032K, reserved 1048576K
}
Event: 712.616 GC heap before
{Heap before GC invocations=32 (full 5):
 PSYoungGen      total 398848K, used 363708K [0x00000000e0000000, 0x0000000100000000, 0x0000000100000000)
  eden space 285696K, 100% used [0x00000000e0000000,0x00000000f1700000,0x00000000f1700000)
  from space 113152K, 68% used [0x00000000f9180000,0x00000000fddaf270,0x0000000100000000)
  to   space 119296K, 0% used [0x00000000f1700000,0x00000000f1700000,0x00000000f8b80000)
 ParOldGen       total 323584K, used 244825K [0x00000000a0000000, 0x00000000b3c00000, 0x00000000e0000000)
  object space 323584K, 75% used [0x00000000a0000000,0x00000000aef164b0,0x00000000b3c00000)
 Metaspace       used 94087K, capacity 98086K, committed 98432K, reserved 1134592K
  class space    used 11887K, capacity 12552K, committed 12672K, reserved 1048576K
Event: 712.736 GC heap after
Heap after GC invocations=32 (full 5):
 PSYoungGen      total 404992K, used 119287K [0x00000000e0000000, 0x0000000100000000, 0x0000000100000000)
  eden space 285696K, 0% used [0x00000000e0000000,0x00000000e0000000,0x00000000f1700000)
  from space 119296K, 99% used [0x00000000f1700000,0x00000000f8b7dc98,0x00000000f8b80000)
  to   space 119296K, 0% used [0x00000000f8b80000,0x00000000f8b80000,0x0000000100000000)
 ParOldGen       total 323584K, used 264694K [0x00000000a0000000, 0x00000000b3c00000, 0x00000000e0000000)
  object space 323584K, 81% used [0x00000000a0000000,0x00000000b027dbe8,0x00000000b3c00000)
 Metaspace       used 94087K, capacity 98086K, committed 98432K, reserved 1134592K
  class space    used 11887K, capacity 12552K, committed 12672K, reserved 1048576K
}
Event: 764.125 GC heap before
{Heap before GC invocations=33 (full 5):
 PSYoungGen      total 404992K, used 404983K [0x00000000e0000000, 0x0000000100000000, 0x0000000100000000)
  eden space 285696K, 100% used [0x00000000e0000000,0x00000000f1700000,0x00000000f1700000)
  from space 119296K, 99% used [0x00000000f1700000,0x00000000f8b7dc98,0x00000000f8b80000)
  to   space 119296K, 0% used [0x00000000f8b80000,0x00000000f8b80000,0x0000000100000000)
 ParOldGen       total 323584K, used 264694K [0x00000000a0000000, 0x00000000b3c00000, 0x00000000e0000000)
  object space 323584K, 81% used [0x00000000a0000000,0x00000000b027dbe8,0x00000000b3c00000)
 Metaspace       used 95081K, capacity 99196K, committed 99456K, reserved 1136640K
  class space    used 11968K, capacity 12649K, committed 12672K, reserved 1048576K
Event: 764.295 GC heap after
Heap after GC invocations=33 (full 5):
 PSYoungGen      total 335360K, used 100527K [0x00000000e0000000, 0x0000000100000000, 0x0000000100000000)
  eden space 216064K, 0% used [0x00000000e0000000,0x00000000e0000000,0x00000000ed300000)
  from space 119296K, 84% used [0x00000000f8b80000,0x00000000fedabce8,0x0000000100000000)
  to   space 154112K, 0% used [0x00000000ed300000,0x00000000ed300000,0x00000000f6980000)
 ParOldGen       total 325632K, used 325270K [0x00000000a0000000, 0x00000000b3e00000, 0x00000000e0000000)
  object space 325632K, 99% used [0x00000000a0000000,0x00000000b3da5950,0x00000000b3e00000)
 Metaspace       used 95081K, capacity 99196K, committed 99456K, reserved 1136640K
  class space    used 11968K, capacity 12649K, committed 12672K, reserved 1048576K
}
Event: 764.295 GC heap before
{Heap before GC invocations=34 (full 6):
 PSYoungGen      total 335360K, used 100527K [0x00000000e0000000, 0x0000000100000000, 0x0000000100000000)
  eden space 216064K, 0% used [0x00000000e0000000,0x00000000e0000000,0x00000000ed300000)
  from space 119296K, 84% used [0x00000000f8b80000,0x00000000fedabce8,0x0000000100000000)
  to   space 154112K, 0% used [0x00000000ed300000,0x00000000ed300000,0x00000000f6980000)
 ParOldGen       total 325632K, used 325270K [0x00000000a0000000, 0x00000000b3e00000, 0x00000000e0000000)
  object space 325632K, 99% used [0x00000000a0000000,0x00000000b3da5950,0x00000000b3e00000)
 Metaspace       used 95081K, capacity 99196K, committed 99456K, reserved 1136640K
  class space    used 11968K, capacity 12649K, committed 12672K, reserved 1048576K
Event: 772.175 GC heap after
Heap after GC invocations=34 (full 6):
 PSYoungGen      total 335360K, used 90750K [0x00000000e0000000, 0x0000000100000000, 0x0000000100000000)
  eden space 216064K, 0% used [0x00000000e0000000,0x00000000e0000000,0x00000000ed300000)
  from space 119296K, 76% used [0x00000000f8b80000,0x00000000fe41fa08,0x0000000100000000)
  to   space 154112K, 0% used [0x00000000ed300000,0x00000000ed300000,0x00000000f6980000)
 ParOldGen       total 483840K, used 324823K [0x00000000a0000000, 0x00000000bd880000, 0x00000000e0000000)
  object space 483840K, 67% used [0x00000000a0000000,0x00000000b3d35e38,0x00000000bd880000)
 Metaspace       used 95081K, capacity 99196K, committed 99456K, reserved 1136640K
  class space    used 11968K, capacity 12649K, committed 12672K, reserved 1048576K
}
Event: 858.641 GC heap before
{Heap before GC invocations=35 (full 6):
 PSYoungGen      total 335360K, used 306814K [0x00000000e0000000, 0x0000000100000000, 0x0000000100000000)
  eden space 216064K, 100% used [0x00000000e0000000,0x00000000ed300000,0x00000000ed300000)
  from space 119296K, 76% used [0x00000000f8b80000,0x00000000fe41fa08,0x0000000100000000)
  to   space 154112K, 0% used [0x00000000ed300000,0x00000000ed300000,0x00000000f6980000)
 ParOldGen       total 483840K, used 324823K [0x00000000a0000000, 0x00000000bd880000, 0x00000000e0000000)
  object space 483840K, 67% used [0x00000000a0000000,0x00000000b3d35e38,0x00000000bd880000)
 Metaspace       used 98626K, capacity 102786K, committed 103040K, reserved 1138688K
  class space    used 12438K, capacity 13116K, committed 13184K, reserved 1048576K
Event: 858.937 GC heap after
Heap after GC invocations=35 (full 6):
 PSYoungGen      total 370176K, used 45197K [0x00000000e0000000, 0x0000000100000000, 0x0000000100000000)
  eden space 216064K, 0% used [0x00000000e0000000,0x00000000e0000000,0x00000000ed300000)
  from space 154112K, 29% used [0x00000000ed300000,0x00000000eff23510,0x00000000f6980000)
  to   space 147456K, 0% used [0x00000000f7000000,0x00000000f7000000,0x0000000100000000)
 ParOldGen       total 483840K, used 412737K [0x00000000a0000000, 0x00000000bd880000, 0x00000000e0000000)
  object space 483840K, 85% used [0x00000000a0000000,0x00000000b9310590,0x00000000bd880000)
 Metaspace       used 98626K, capacity 102786K, committed 103040K, reserved 1138688K
  class space    used 12438K, capacity 13116K, committed 13184K, reserved 1048576K
}
Event: 858.937 GC heap before
{Heap before GC invocations=36 (full 7):
 PSYoungGen      total 370176K, used 45197K [0x00000000e0000000, 0x0000000100000000, 0x0000000100000000)
  eden space 216064K, 0% used [0x00000000e0000000,0x00000000e0000000,0x00000000ed300000)
  from space 154112K, 29% used [0x00000000ed300000,0x00000000eff23510,0x00000000f6980000)
  to   space 147456K, 0% used [0x00000000f7000000,0x00000000f7000000,0x0000000100000000)
 ParOldGen       total 483840K, used 412737K [0x00000000a0000000, 0x00000000bd880000, 0x00000000e0000000)
  object space 483840K, 85% used [0x00000000a0000000,0x00000000b9310590,0x00000000bd880000)
 Metaspace       used 98626K, capacity 102786K, committed 103040K, reserved 1138688K
  class space    used 12438K, capacity 13116K, committed 13184K, reserved 1048576K

Deoptimization events (10 events):
Event: 713.128 Thread 0x00007f0f90007000 Uncommon trap: reason=speculate_class_check action=maybe_recompile pc=0x00007f0fe35cf2a4 method=java.lang.StringCoding.decode(Ljava/nio/charset/Charset;[BII)[C @ 91
Event: 713.130 Thread 0x00007f0f90007000 Uncommon trap: reason=speculate_class_check action=maybe_recompile pc=0x00007f0fe35cf2a4 method=java.lang.StringCoding.decode(Ljava/nio/charset/Charset;[BII)[C @ 91
Event: 713.767 Thread 0x00007f0f90007000 Uncommon trap: reason=array_check action=maybe_recompile pc=0x00007f0fe25c19d4 method=java.util.ComparableTimSort.reverseRange([Ljava/lang/Object;II)V @ 20
Event: 714.113 Thread 0x00007f0f90007000 Uncommon trap: reason=speculate_class_check action=maybe_recompile pc=0x00007f0fe35cf2a4 method=java.lang.StringCoding.decode(Ljava/nio/charset/Charset;[BII)[C @ 91
Event: 772.816 Thread 0x00007f0f90007000 Uncommon trap: reason=bimorphic action=maybe_recompile pc=0x00007f0fe29722b8 method=com.sun.tools.javac.comp.Attr.attribLazyConstantValue(Lcom/sun/tools/javac/comp/Env;Lcom/sun/tools/javac/tree/JCTree$JCVariableDecl;Lcom/sun/tools/javac/code/Type;)Ljava/l
Event: 773.907 Thread 0x00007f0f90007000 Uncommon trap: reason=unstable_if action=reinterpret pc=0x00007f0fe1883604 method=org.objectweb.asm.Item.a(Lorg/objectweb/asm/Item;)Z @ 345
Event: 774.012 Thread 0x00007f0f8800a000 Uncommon trap: reason=unstable_if action=reinterpret pc=0x00007f0fe3056a54 method=com.android.dx.rop.cst.CstLiteral32.equals(Ljava/lang/Object;)Z @ 26
Event: 774.013 Thread 0x00007f0f8800a000 Uncommon trap: reason=unstable_if action=reinterpret pc=0x00007f0fe44f95c8 method=com.android.dx.rop.cst.CstLiteral32.equals(Ljava/lang/Object;)Z @ 26
Event: 858.542 Thread 0x00007f0f90004000 Uncommon trap: reason=array_check action=maybe_recompile pc=0x00007f0fe239c97c method=java.util.ComparableTimSort.reverseRange([Ljava/lang/Object;II)V @ 27
Event: 858.545 Thread 0x00007f0f90004000 Uncommon trap: reason=array_check action=maybe_recompile pc=0x00007f0fe239c97c method=java.util.ComparableTimSort.reverseRange([Ljava/lang/Object;II)V @ 27

Internal exceptions (10 events):
Event: 714.259 Thread 0x00007f0f90007000 Exception <a 'sun/nio/fs/UnixException'> (0x00000000e8c510b8) thrown at [/ssd/Android/AOSP-openjdk/external/jetbrains/jdk/hotspot/src/share/vm/prims/jni.cpp, line 709]
Event: 735.330 Thread 0x00007f0f8c572000 Exception <a 'sun/nio/fs/UnixException'> (0x00000000e8e8b688) thrown at [/ssd/Android/AOSP-openjdk/external/jetbrains/jdk/hotspot/src/share/vm/prims/jni.cpp, line 709]
Event: 762.627 Thread 0x00007f0f90007000 Exception <a 'java/lang/ClassNotFoundException': asLocalRepo5251_bqkn6kp79sohwjab12finkdl8BeanInfo> (0x00000000e92d9c68) thrown at [/ssd/Android/AOSP-openjdk/external/jetbrains/jdk/hotspot/src/share/vm/classfile/systemDictionary.cpp, line 210]
Event: 762.628 Thread 0x00007f0f90007000 Exception <a 'java/lang/ClassNotFoundException': asLocalRepo5251_bqkn6kp79sohwjab12finkdl8Customizer> (0x00000000e92e5568) thrown at [/ssd/Android/AOSP-openjdk/external/jetbrains/jdk/hotspot/src/share/vm/classfile/systemDictionary.cpp, line 210]
Event: 762.943 Thread 0x00007f0f90007000 Exception <a 'sun/nio/fs/UnixException'> (0x00000000eb8a1450) thrown at [/ssd/Android/AOSP-openjdk/external/jetbrains/jdk/hotspot/src/share/vm/prims/jni.cpp, line 709]
Event: 764.021 Thread 0x00007f0f90007000 Exception <a 'java/lang/NoSuchMethodError': <clinit>> (0x00000000f0191620) thrown at [/ssd/Android/AOSP-openjdk/external/jetbrains/jdk/hotspot/src/share/vm/prims/jni.cpp, line 1613]
Event: 772.264 Thread 0x00007f0f90007000 Exception <a 'java/lang/ClassNotFoundException': com/sun/org/glassfish/hk2/osgiresourcelocator/ServiceLoader> (0x00000000e1f7fcb0) thrown at [/ssd/Android/AOSP-openjdk/external/jetbrains/jdk/hotspot/src/share/vm/classfile/systemDictionary.cpp, line 210]
Event: 774.488 Thread 0x00007f0f90007000 Exception <a 'sun/nio/fs/UnixException'> (0x00000000ebd42fb8) thrown at [/ssd/Android/AOSP-openjdk/external/jetbrains/jdk/hotspot/src/share/vm/prims/jni.cpp, line 709]
Event: 858.546 Thread 0x00007f0f90004000 Exception <a 'java/lang/ClassNotFoundException': asLocalRepo2614_8pkeol96w0pwndk66zgsn7jg3BeanInfo> (0x00000000ec39a4b8) thrown at [/ssd/Android/AOSP-openjdk/external/jetbrains/jdk/hotspot/src/share/vm/classfile/systemDictionary.cpp, line 210]
Event: 858.546 Thread 0x00007f0f90004000 Exception <a 'java/lang/ClassNotFoundException': asLocalRepo2614_8pkeol96w0pwndk66zgsn7jg3Customizer> (0x00000000ec3a5de8) thrown at [/ssd/Android/AOSP-openjdk/external/jetbrains/jdk/hotspot/src/share/vm/classfile/systemDictionary.cpp, line 210]

Events (10 events):
Event: 858.557 loading class groovy/runtime/metaclass/asLocalRepo2614_8pkeol96w0pwndk66zgsn7jg3$_run_closure1$_closure2$_closure4$_closure5MetaClass done
Event: 858.558 loading class asLocalRepo2614_8pkeol96w0pwndk66zgsn7jg3$_run_closure1$_closure3
Event: 858.558 loading class asLocalRepo2614_8pkeol96w0pwndk66zgsn7jg3$_run_closure1$_closure3 done
Event: 858.559 loading class groovy/runtime/metaclass/asLocalRepo2614_8pkeol96w0pwndk66zgsn7jg3$_run_closure1$_closure3MetaClass
Event: 858.559 loading class groovy/runtime/metaclass/asLocalRepo2614_8pkeol96w0pwndk66zgsn7jg3$_run_closure1$_closure3MetaClass done
Event: 858.559 loading class asLocalRepo2614_8pkeol96w0pwndk66zgsn7jg3$_run_closure1$_closure3$_closure6
Event: 858.559 loading class asLocalRepo2614_8pkeol96w0pwndk66zgsn7jg3$_run_closure1$_closure3$_closure6 done
Event: 858.560 loading class groovy/runtime/metaclass/asLocalRepo2614_8pkeol96w0pwndk66zgsn7jg3$_run_closure1$_closure3$_closure6MetaClass
Event: 858.560 loading class groovy/runtime/metaclass/asLocalRepo2614_8pkeol96w0pwndk66zgsn7jg3$_run_closure1$_closure3$_closure6MetaClass done
Event: 858.640 Executing VM operation: ParallelGCFailedAllocation


Dynamic libraries:
00400000-00401000 r-xp 00000000 fd:00 655632                             /home/irrationnelle/android-studio/jre/bin/java
00600000-00601000 r--p 00000000 fd:00 655632                             /home/irrationnelle/android-studio/jre/bin/java
00601000-00602000 rw-p 00001000 fd:00 655632                             /home/irrationnelle/android-studio/jre/bin/java
01bd3000-01cba000 rw-p 00000000 00:00 0                                  [heap]
a0000000-bd880000 rw-p 00000000 00:00 0 
c7a80000-e0000000 ---p 00000000 00:00 0 
e0000000-100000000 rw-p 00000000 00:00 0 
100000000-100ce0000 rw-p 00000000 00:00 0 
100ce0000-140000000 ---p 00000000 00:00 0 
7f0f5428b000-7f0f5444b000 rw-p 00000000 00:00 0 
7f0f5444b000-7f0f5448b000 ---p 00000000 00:00 0 
7f0f5448b000-7f0f5468b000 rw-p 00000000 00:00 0 
7f0f5468b000-7f0f5488b000 rw-p 00000000 00:00 0 
7f0f548a0000-7f0f54aa0000 rw-p 00000000 00:00 0 
7f0f54aa0000-7f0f54aa3000 ---p 00000000 00:00 0 
7f0f54aa3000-7f0f54ba1000 rw-p 00000000 00:00 0 
7f0f54ba1000-7f0f54ba4000 ---p 00000000 00:00 0 
7f0f54ba4000-7f0f54ca2000 rw-p 00000000 00:00 0 
7f0f54ca2000-7f0f54ca5000 ---p 00000000 00:00 0 
7f0f54ca5000-7f0f54da3000 rw-p 00000000 00:00 0 
7f0f54da3000-7f0f54da6000 ---p 00000000 00:00 0 
7f0f54da6000-7f0f54ea4000 rw-p 00000000 00:00 0 
7f0f54ea4000-7f0f54ea7000 ---p 00000000 00:00 0 
7f0f54ea7000-7f0f54fa5000 rw-p 00000000 00:00 0 
7f0f54fa5000-7f0f54fa8000 ---p 00000000 00:00 0 
7f0f54fa8000-7f0f550a6000 rw-p 00000000 00:00 0 
7f0f550a6000-7f0f550a9000 ---p 00000000 00:00 0 
7f0f550a9000-7f0f553a7000 rw-p 00000000 00:00 0 
7f0f553a7000-7f0f555a7000 rw-p 00000000 00:00 0 
7f0f555a7000-7f0f557a7000 rw-p 00000000 00:00 0 
7f0f557a7000-7f0f559a7000 rw-p 00000000 00:00 0 
7f0f559a7000-7f0f55ba7000 rw-p 00000000 00:00 0 
7f0f55ba7000-7f0f55baa000 ---p 00000000 00:00 0 
7f0f55baa000-7f0f55ca8000 rw-p 00000000 00:00 0 
7f0f55ca8000-7f0f55cab000 ---p 00000000 00:00 0 
7f0f55cab000-7f0f55da9000 rw-p 00000000 00:00 0 
7f0f55da9000-7f0f55dac000 ---p 00000000 00:00 0 
7f0f55dac000-7f0f55eaa000 rw-p 00000000 00:00 0 
7f0f55eaa000-7f0f55ead000 ---p 00000000 00:00 0 
7f0f55ead000-7f0f55fab000 rw-p 00000000 00:00 0 
7f0f55fab000-7f0f55fae000 ---p 00000000 00:00 0 
7f0f55fae000-7f0f560ac000 rw-p 00000000 00:00 0 
7f0f560ac000-7f0f560af000 ---p 00000000 00:00 0 
7f0f560af000-7f0f561ad000 rw-p 00000000 00:00 0 
7f0f561ad000-7f0f561b0000 ---p 00000000 00:00 0 
7f0f561b0000-7f0f564ae000 rw-p 00000000 00:00 0 
7f0f564ae000-7f0f566ae000 rw-p 00000000 00:00 0 
7f0f566ae000-7f0f568ae000 rw-p 00000000 00:00 0 
7f0f568ae000-7f0f56aae000 rw-p 00000000 00:00 0 
7f0f56aae000-7f0f56ae4000 r-xp 00000000 fd:00 1184503                    /home/irrationnelle/android-studio/jre/jre/lib/amd64/libsunec.so
7f0f56ae4000-7f0f56ce3000 ---p 00036000 fd:00 1184503                    /home/irrationnelle/android-studio/jre/jre/lib/amd64/libsunec.so
7f0f56ce3000-7f0f56ce8000 r--p 00035000 fd:00 1184503                    /home/irrationnelle/android-studio/jre/jre/lib/amd64/libsunec.so
7f0f56ce8000-7f0f56cea000 rw-p 0003a000 fd:00 1184503                    /home/irrationnelle/android-studio/jre/jre/lib/amd64/libsunec.so
7f0f56cea000-7f0f56cfb000 rw-p 00000000 00:00 0 
7f0f56cfb000-7f0f56cfe000 ---p 00000000 00:00 0 
7f0f56cfe000-7f0f56dfc000 rw-p 00000000 00:00 0 
7f0f56dfc000-7f0f56dff000 ---p 00000000 00:00 0 
7f0f56dff000-7f0f570fd000 rw-p 00000000 00:00 0 
7f0f570fd000-7f0f57100000 ---p 00000000 00:00 0 
7f0f57100000-7f0f571fe000 rw-p 00000000 00:00 0 
7f0f571fe000-7f0f57201000 ---p 00000000 00:00 0 
7f0f57201000-7f0f574ff000 rw-p 00000000 00:00 0 
7f0f574ff000-7f0f576ff000 rw-p 00000000 00:00 0 
7f0f576ff000-7f0f578ff000 rw-p 00000000 00:00 0 
7f0f578ff000-7f0f57aff000 rw-p 00000000 00:00 0 
7f0f57aff000-7f0f57cff000 rw-p 00000000 00:00 0 
7f0f57cff000-7f0f57eff000 rw-p 00000000 00:00 0 
7f0f57eff000-7f0f57f02000 ---p 00000000 00:00 0 
7f0f57f02000-7f0f58000000 rw-p 00000000 00:00 0 
7f0f58000000-7f0f581fe000 rw-p 00000000 00:00 0 
7f0f581fe000-7f0f5c000000 ---p 00000000 00:00 0 
7f0f5c000000-7f0f5c055000 rw-p 00000000 00:00 0 
7f0f5c055000-7f0f60000000 ---p 00000000 00:00 0 
7f0f60000000-7f0f609f1000 rw-p 00000000 00:00 0 
7f0f609f1000-7f0f64000000 ---p 00000000 00:00 0 
7f0f64000000-7f0f640f5000 rw-p 00000000 00:00 0 
7f0f640f5000-7f0f68000000 ---p 00000000 00:00 0 
7f0f68000000-7f0f6803c000 rw-p 00000000 00:00 0 
7f0f6803c000-7f0f6c000000 ---p 00000000 00:00 0 
7f0f6c000000-7f0f6c021000 rw-p 00000000 00:00 0 
7f0f6c021000-7f0f70000000 ---p 00000000 00:00 0 
7f0f70000000-7f0f70108000 rw-p 00000000 00:00 0 
7f0f70108000-7f0f74000000 ---p 00000000 00:00 0 
7f0f74000000-7f0f74021000 rw-p 00000000 00:00 0 
7f0f74021000-7f0f78000000 ---p 00000000 00:00 0 
7f0f78000000-7f0f780c9000 rw-p 00000000 00:00 0 
7f0f780c9000-7f0f7c000000 ---p 00000000 00:00 0 
7f0f7c000000-7f0f7c108000 rw-p 00000000 00:00 0 
7f0f7c108000-7f0f80000000 ---p 00000000 00:00 0 
7f0f80000000-7f0f8010b000 rw-p 00000000 00:00 0 
7f0f8010b000-7f0f84000000 ---p 00000000 00:00 0 
7f0f84000000-7f0f84113000 rw-p 00000000 00:00 0 
7f0f84113000-7f0f88000000 ---p 00000000 00:00 0 
7f0f88000000-7f0f880d2000 rw-p 00000000 00:00 0 
7f0f880d2000-7f0f8c000000 ---p 00000000 00:00 0 
7f0f8c000000-7f0f8dad8000 rw-p 00000000 00:00 0 
7f0f8dad8000-7f0f90000000 ---p 00000000 00:00 0 
7f0f90000000-7f0f90025000 rw-p 00000000 00:00 0 
7f0f90025000-7f0f94000000 ---p 00000000 00:00 0 
7f0f94000000-7f0f9491a000 rw-p 00000000 00:00 0 
7f0f9491a000-7f0f98000000 ---p 00000000 00:00 0 
7f0f98000000-7f0f98021000 rw-p 00000000 00:00 0 
7f0f98021000-7f0f9c000000 ---p 00000000 00:00 0 
7f0f9c000000-7f0f9c066000 rw-p 00000000 00:00 0 
7f0f9c066000-7f0fa0000000 ---p 00000000 00:00 0 
7f0fa0000000-7f0fa107b000 rw-p 00000000 00:00 0 
7f0fa107b000-7f0fa4000000 ---p 00000000 00:00 0 
7f0fa4000000-7f0fa4021000 rw-p 00000000 00:00 0 
7f0fa4021000-7f0fa8000000 ---p 00000000 00:00 0 
7f0fa8000000-7f0fa9e1b000 rw-p 00000000 00:00 0 
7f0fa9e1b000-7f0fac000000 ---p 00000000 00:00 0 
7f0fac000000-7f0fadffe000 rw-p 00000000 00:00 0 
7f0fadffe000-7f0fb0000000 ---p 00000000 00:00 0 
7f0fb0000000-7f0fb0021000 rw-p 00000000 00:00 0 
7f0fb0021000-7f0fb4000000 ---p 00000000 00:00 0 
7f0fb4061000-7f0fb4064000 ---p 00000000 00:00 0 
7f0fb4064000-7f0fb4162000 rw-p 00000000 00:00 0 
7f0fb4162000-7f0fb4165000 ---p 00000000 00:00 0 
7f0fb4165000-7f0fb4263000 rw-p 00000000 00:00 0 
7f0fb4263000-7f0fb4266000 ---p 00000000 00:00 0 
7f0fb4266000-7f0fb4364000 rw-p 00000000 00:00 0 
7f0fb4364000-7f0fb4367000 ---p 00000000 00:00 0 
7f0fb4367000-7f0fb4665000 rw-p 00000000 00:00 0 
7f0fb4665000-7f0fb4668000 ---p 00000000 00:00 0 
7f0fb4668000-7f0fb4966000 rw-p 00000000 00:00 0 
7f0fb4966000-7f0fb4969000 ---p 00000000 00:00 0 
7f0fb4969000-7f0fb4c67000 rw-p 00000000 00:00 0 
7f0fb4c67000-7f0fb4e67000 rw-p 00000000 00:00 0 
7f0fb4e67000-7f0fb5067000 rw-p 00000000 00:00 0 
7f0fb5067000-7f0fb5267000 rw-p 00000000 00:00 0 
7f0fb5267000-7f0fb5467000 rw-p 00000000 00:00 0 
7f0fb5467000-7f0fbc000000 r--p 00000000 fd:00 3943329                    /usr/lib/locale/locale-archive
7f0fbc000000-7f0fbc02e000 rw-p 00000000 00:00 0 
7f0fbc02e000-7f0fc0000000 ---p 00000000 00:00 0 
7f0fc0050000-7f0fc0053000 ---p 00000000 00:00 0 
7f0fc0053000-7f0fc0089000 rw-p 00000000 00:00 0 
7f0fc0089000-7f0fc008c000 ---p 00000000 00:00 0 
7f0fc008c000-7f0fc00c2000 rw-p 00000000 00:00 0 
7f0fc00c2000-7f0fc00c7000 r--s 0003b000 fd:00 655654                     /home/irrationnelle/android-studio/jre/jre/lib/ext/sunjce_provider.jar
7f0fc00c7000-7f0fc00c8000 r--s 00008000 fd:00 655652                     /home/irrationnelle/android-studio/jre/jre/lib/ext/sunec.jar
7f0fc00c8000-7f0fc00cb000 r--s 00015000 fd:00 655644                     /home/irrationnelle/android-studio/jre/jre/lib/jce.jar
7f0fc00cb000-7f0fc00de000 r--s 00344000 fd:00 655648                     /home/irrationnelle/android-studio/jre/jre/lib/resources.jar
7f0fc00de000-7f0fc02de000 rw-p 00000000 00:00 0 
7f0fc02de000-7f0fc04de000 rw-p 00000000 00:00 0 
7f0fc04de000-7f0fc06de000 rw-p 00000000 00:00 0 
7f0fc06de000-7f0fc06e1000 ---p 00000000 00:00 0 
7f0fc06e1000-7f0fc09df000 rw-p 00000000 00:00 0 
7f0fc09df000-7f0fc09e0000 r--s 00001000 fd:00 5141475                    /home/irrationnelle/.gradle/caches/jars-2/7c4c8dw4bn3s8grc5kz09cv28jy9yn3/annotations-25.3.0.jar
7f0fc09e0000-7f0fc09e8000 r--s 000a8000 fd:00 5141474                    /home/irrationnelle/.gradle/caches/jars-2/lp0h431tl0554nh1vx6zomcvteflkp/lombok-ast-0.2.3.jar
7f0fc09e8000-7f0fc09fc000 r--s 000b4000 fd:00 5141473                    /home/irrationnelle/.gradle/caches/jars-2/igzbti8te04ygk32hg4q3ljfkkkzmlr/uast-162.2228.14.jar
7f0fc09fc000-7f0fc09fe000 r--s 0000d000 fd:00 5141472                    /home/irrationnelle/.gradle/caches/jars-2/7pwz1bowgakb1eux9ezb56jlturgsyi/commons-codec-1.4.jar
7f0fc09fe000-7f0fc0a00000 r--s 0000d000 fd:00 5141471                    /home/irrationnelle/.gradle/caches/jars-2/9dj1m0eyooi5qt13735vz8fpkl3cnfy/commons-logging-1.1.1.jar
7f0fc0a00000-7f0fc0a05000 r--s 00028000 fd:00 5141470                    /home/irrationnelle/.gradle/caches/jars-2/62lv0fe9b3xbqe57f6ljy5upwi7mf6k/httpcore-4.1.jar
7f0fc0a05000-7f0fc0a09000 r--s 0002f000 fd:00 5141469                    /home/irrationnelle/.gradle/caches/jars-2/gsg5n52frsvw6sx0swqqe2hwijwdcf0/jimfs-1.1.jar
7f0fc0a09000-7f0fc0a0a000 r--s 00004000 fd:00 5141468                    /home/irrationnelle/.gradle/caches/jars-2/lxs252id0979odjrerlctkb26c2vj95/annotations-12.0.jar
7f0fc0a0a000-7f0fc0a0b000 r--s 00004000 fd:00 5141467                    /home/irrationnelle/.gradle/caches/jars-2/9kn99dr0rulyl67sct1ephwcop56l61/asm-analysis-5.0.4.jar
7f0fc0a0b000-7f0fc0a0f000 r--s 00040000 fd:00 5141466                    /home/irrationnelle/.gradle/caches/jars-2/h4gop7cox40tig0ckkhw1h8hl6tfcwm/lint-api-25.3.0.jar
7f0fc0a0f000-7f0fc0a10000 r--s 0000a000 fd:00 5141465                    /home/irrationnelle/.gradle/caches/jars-2/nwyg9io65lv6jvmwit2wq82xnnxd7ia/kxml2-2.3.0.jar
7f0fc0a10000-7f0fc0a12000 r--s 00005000 fd:00 5141464                    /home/irrationnelle/.gradle/caches/jars-2/i6hc1uuj8e9ck59slmzdyz78ydn8sr6/httpmime-4.1.jar
7f0fc0a12000-7f0fc0a1a000 r--s 0004e000 fd:00 5141463                    /home/irrationnelle/.gradle/caches/jars-2/7503wa5irssz0xxahv1xb82p2dl7rr2/httpclient-4.1.1.jar
7f0fc0a1a000-7f0fc0a21000 r--s 00053000 fd:00 5141462                    /home/irrationnelle/.gradle/caches/jars-2/jgkfvs4eqggj7qsyw1f5d3up57hanj1/commons-compress-1.8.1.jar
7f0fc0a21000-7f0fc0a26000 r--s 0002a000 fd:00 5141461                    /home/irrationnelle/.gradle/caches/jars-2/je8f027qcr1z1egw08byp1ybxbp9kko/gson-2.2.4.jar
7f0fc0a26000-7f0fc0a2b000 r--s 0002e000 fd:00 5141460                    /home/irrationnelle/.gradle/caches/jars-2/r6oa1284jnf1g0hjm5fw7l8swldb7ek/repository-25.3.0.jar
7f0fc0a2b000-7f0fc0a2c000 r--s 00005000 fd:00 5001319                    /home/irrationnelle/.gradle/caches/jars-2/8zf2fyptbgnbanz613fx2c3hoto0539/dvlib-25.3.0.jar
7f0fc0a2c000-7f0fc0a2f000 r--s 00012000 fd:00 3178126                    /home/irrationnelle/.gradle/caches/jars-2/9uh4197qdwnvuono2myyig8xxy6aqcq/layoutlib-api-25.3.0.jar
7f0fc0a2f000-7f0fc0a34000 r--s 00058000 fd:00 2910374                    /home/irrationnelle/.gradle/caches/jars-2/st159835qgxm0l87oqrnhayxos4lc1n/asm-debug-all-5.0.1.jar
7f0fc0a34000-7f0fc0a44000 r--s 000d5000 fd:00 2764771                    /home/irrationnelle/.gradle/caches/jars-2/qzf32gp9kej4w4hlbabft6tplu74cj3/proguard-base-5.3.2.jar
7f0fc0a44000-7f0fc0a47000 r--s 00033000 fd:00 2636069                    /home/irrationnelle/.gradle/caches/jars-2/nz9sndmr8b4xbj4xulkaciy5kdbyfiz/juniversalchardet-1.0.3.jar
7f0fc0a47000-7f0fc0a4b000 r--s 0002a000 fd:00 2513759                    /home/irrationnelle/.gradle/caches/jars-2/krbpn9xjn1qymukyx8cc5l799ty1v3h/commons-io-2.4.jar
7f0fc0a4b000-7f0fc0a62000 r--s 00154000 fd:00 2248923                    /home/irrationnelle/.gradle/caches/jars-2/sfeivjswzitn6n0fnjx3ueszz8gv8o1/antlr4-4.5.3.jar
7f0fc0a62000-7f0fc0a64000 r--s 00002000 fd:00 2111212                    /home/irrationnelle/.gradle/caches/jars-2/o6nwvy6at9y5kbpwo6utcclqk98gd99/baseLibrary-2.3.0.jar
7f0fc0a64000-7f0fc0a8f000 r--s 001fc000 fd:00 1969540                    /home/irrationnelle/.gradle/caches/jars-2/nxjrjftly2xksl8o0wqgivu5netfu2x/guava-18.0.jar
7f0fc0a8f000-7f0fc0aa2000 r--s 00241000 fd:00 1845063                    /home/irrationnelle/.gradle/caches/jars-2/9yuekvg4qerfitq3xec0iyckuw3hwaq/ecj-4.6.1.jar
7f0fc0aa2000-7f0fc0aa9000 r--s 000d9000 fd:00 6033888                    /home/irrationnelle/.gradle/caches/jars-2/aprntsq9xd6l685y4wf1lo3ojhypibs/lint-checks-25.3.0.jar
7f0fc0aa9000-7f0fc0aab000 r--s 00006000 fd:00 5141459                    /home/irrationnelle/.gradle/caches/jars-2/6phgj9ki3jl3p5epzkqoo8pr6kur40b/asm-tree-5.0.4.jar
7f0fc0aab000-7f0fc0ade000 r--s 00203000 fd:00 5141458                    /home/irrationnelle/.gradle/caches/jars-2/hj0bfvxu9cq7hkwmecvp0kg137or3hh/bcprov-jdk15on-1.48.jar
7f0fc0ade000-7f0fc0aec000 r--s 00081000 fd:00 5141457                    /home/irrationnelle/.gradle/caches/jars-2/4r7xli0tz94y0wfjrdyjxlxar3g1pb9/bcpkix-jdk15on-1.48.jar
7f0fc0aec000-7f0fc0aee000 r--s 00002000 fd:00 5141456                    /home/irrationnelle/.gradle/caches/jars-2/f32bh5uivuf69ecz2j8hl96ksnqdh7v/javawriter-2.5.0.jar
7f0fc0aee000-7f0fc0af0000 r--s 00004000 fd:00 5141455                    /home/irrationnelle/.gradle/caches/jars-2/ks5d1mxwh7e42p192ttu3gpechro7qa/tracker-25.3.0.jar
7f0fc0af0000-7f0fc0af1000 r--s 00005000 fd:00 5141454                    /home/irrationnelle/.gradle/caches/jars-2/fl4kf4ptr1zzfqcvmz0t9nip0r2xra6/shared-25.3.0.jar
7f0fc0af1000-7f0fc0aff000 r--s 00147000 fd:00 5141453                    /home/irrationnelle/.gradle/caches/jars-2/kzywuljggjlwzg0mn5daqjrl9hrds10/protos-25.3.0.jar
7f0fc0aff000-7f0fc0b00000 r--s 00001000 fd:00 5141452                    /home/irrationnelle/.gradle/caches/jars-2/9wceqt3rojnwacgoouxh9g9dkoot2zu/jill-api-0.10.0.jar
7f0fc0b00000-7f0fc0b02000 r--s 00003000 fd:00 5141451                    /home/irrationnelle/.gradle/caches/jars-2/hgjtw817h9ckqrqd7wts8rss79wyf2p/jack-api-0.13.0.jar
7f0fc0b02000-7f0fc0b08000 r--s 0004a000 fd:00 5141450                    /home/irrationnelle/.gradle/caches/jars-2/qdr9c88xakd7sne0hmledt9h4qds2q2/ddmlib-25.3.0.jar
7f0fc0b08000-7f0fc0b0b000 r--s 00022000 fd:00 5141449                    /home/irrationnelle/.gradle/caches/jars-2/fsss09xku4j8m0mtb0gif22hmmgqs7i/manifest-merger-25.3.0.jar
7f0fc0b0b000-7f0fc0b0e000 r--s 0001c000 fd:00 5141448                    /home/irrationnelle/.gradle/caches/jars-2/s9s98vc2jrc4cq452s7phwb2ad5xfkn/common-25.3.0.jar
7f0fc0b0e000-7f0fc0b17000 r--s 00089000 fd:00 5141447                    /home/irrationnelle/.gradle/caches/jars-2/965j22khmkpwdgya5fll5pxt21kiz0y/sdk-common-25.3.0.jar
7f0fc0b17000-7f0fc0b21000 r--s 00097000 fd:00 5141446                    /home/irrationnelle/.gradle/caches/jars-2/2t3glk7v5svadzqcbhq0avch2qk6a9k/sdklib-25.3.0.jar
7f0fc0b21000-7f0fc0b22000 r--s 00002000 fd:00 5141445                    /home/irrationnelle/.gradle/caches/jars-2/q53lj97mtvuhn56k5k0vmpi70ln1194/builder-test-api-2.3.0.jar
7f0fc0b22000-7f0fc0b25000 r--s 00006000 fd:00 5141444                    /home/irrationnelle/.gradle/caches/jars-2/217rxmwsloonj42ilq94g16c8qou0uv/builder-model-2.3.0.jar
7f0fc0b25000-7f0fc0b34000 r--s 00130000 fd:00 5141443                    /home/irrationnelle/.gradle/caches/jars-2/cr6zkqpx14lor9zdtmo49qpc7y8r8p4/protobuf-java-3.0.0.jar
7f0fc0b34000-7f0fc0b36000 r--s 0000f000 fd:00 5141442                    /home/irrationnelle/.gradle/caches/jars-2/rvfyugrlu5tbpz51p98og0qsxamjq4k/jopt-simple-4.9.jar
7f0fc0b36000-7f0fc0b3a000 r--s 0001f000 fd:00 5141441                    /home/irrationnelle/.gradle/caches/jars-2/nq3fzqkrrm37ob61z4iu5qdbh368uat/org.jacoco.report-0.7.5.201505241946.jar
7f0fc0b3a000-7f0fc0b3e000 r--s 0001d000 fd:00 5141440                    /home/irrationnelle/.gradle/caches/jars-2/3kxkmcckmk40ron92zhbm0qjo9l4bkl/org.jacoco.core-0.7.5.201505241946.jar
7f0fc0b3e000-7f0fc0b40000 r--s 00002000 fd:00 5141439                    /home/irrationnelle/.gradle/caches/jars-2/m4m0pzb4gmaeh0in5g2xc4bxeuwt828/proguard-gradle-5.3.2.jar
7f0fc0b40000-7f0fc0b42000 r--s 00009000 fd:00 5141438                    /home/irrationnelle/.gradle/caches/jars-2/ajvcvdu66lc9e3tvvipxtuq48i9bbkc/asm-commons-5.0.4.jar
7f0fc0b42000-7f0fc0b44000 r--s 0000c000 fd:00 5141437                    /home/irrationnelle/.gradle/caches/jars-2/1laz1ygmxoc408r7nwqs1q8uk8r236d/asm-5.0.4.jar
7f0fc0b44000-7f0fc0b49000 r--s 0002c000 fd:00 5141436                    /home/irrationnelle/.gradle/caches/jars-2/3eyaheco65g859qpfsowjbpqi0jh6mf/compilerCommon-2.3.0.jar
7f0fc0b49000-7f0fc0b5f000 r--s 00163000 fd:00 5141432                    /home/irrationnelle/.gradle/caches/jars-2/sqf8kc3htrab4fj479mwr3jrji381b7/builder-2.3.0.jar
7f0fc0b5f000-7f0fc0b7d000 r--s 001cb000 fd:00 5141431                    /home/irrationnelle/.gradle/caches/jars-2/8qy5a7i3gbr2s4snxdquaath1tjusie/gradle-core-2.3.0.jar
7f0fc0b7d000-7f0fc0d7d000 rw-p 00000000 00:00 0 
7f0fc0d7d000-7f0fc0f7d000 rw-p 00000000 00:00 0 
7f0fc0f7d000-7f0fc0f80000 ---p 00000000 00:00 0 
7f0fc0f80000-7f0fc107e000 rw-p 00000000 00:00 0 
7f0fc107e000-7f0fc1081000 ---p 00000000 00:00 0 
7f0fc1081000-7f0fc12b7000 rw-p 00000000 00:00 0 
7f0fc12b7000-7f0fc14b7000 rw-p 00000000 00:00 0 
7f0fc14b7000-7f0fc14b8000 r--s 00002000 fd:00 5141435                    /home/irrationnelle/.gradle/caches/jars-2/31jr90v5p5fkd2jflx4pvapkdf35ezu/gradle-api-2.3.0.jar
7f0fc14b8000-7f0fc14b9000 r--s 00000000 fd:00 5141434                    /home/irrationnelle/.gradle/caches/jars-2/9alwd0ip1x6at9csjhyhihqra39rks9/transform-api-2.0.0-deprecated-use-gradle-api.jar
7f0fc14b9000-7f0fc14be000 r--s 0005e000 fd:00 5141433                    /home/irrationnelle/.gradle/caches/jars-2/ni16dxztl73a86d25hs3on5ncngkbuy/lint-25.3.0.jar
7f0fc14be000-7f0fc14c1000 r--s 00017000 fd:00 1183827                    /home/irrationnelle/.gradle/caches/modules-2/files-2.1/me.tatarka/gradle-retrolambda/3.5.0/bf2523a170bedcf0da6b833a7584f17ad58c79cd/gradle-retrolambda-3.5.0.jar
7f0fc14c1000-7f0fc14c3000 r--s 0000d000 fd:00 5141430                    /home/irrationnelle/.gradle/caches/jars-2/60bmiis45kdytxtzt10fi483750k8at/gradle-2.3.0.jar
7f0fc14c3000-7f0fc14c4000 r--p 00000000 00:00 0 
7f0fc14c4000-7f0fc16c4000 rw-p 00000000 00:00 0 
7f0fc16c4000-7f0fc18c4000 rw-p 00000000 00:00 0 
7f0fc18c4000-7f0fc193d000 r--s 010ed000 fd:00 655639                     /home/irrationnelle/android-studio/jre/lib/tools.jar
7f0fc193d000-7f0fc1b3d000 rw-p 00000000 00:00 0 
7f0fc1b3d000-7f0fc1b40000 ---p 00000000 00:00 0 
7f0fc1b40000-7f0fc1c3e000 rw-p 00000000 00:00 0 
7f0fc1c3e000-7f0fc1c41000 ---p 00000000 00:00 0 
7f0fc1c41000-7f0fc1d3f000 rw-p 00000000 00:00 0 
7f0fc1d3f000-7f0fc1d42000 ---p 00000000 00:00 0 
7f0fc1d42000-7f0fc1e40000 rw-p 00000000 00:00 0 
7f0fc1e40000-7f0fc1e43000 ---p 00000000 00:00 0 
7f0fc1e43000-7f0fc1f41000 rw-p 00000000 00:00 0 
7f0fc1f41000-7f0fc1f44000 ---p 00000000 00:00 0 
7f0fc1f44000-7f0fc2242000 rw-p 00000000 00:00 0 
7f0fc2242000-7f0fc2245000 ---p 00000000 00:00 0 
7f0fc2245000-7f0fc2343000 rw-p 00000000 00:00 0 
7f0fc2343000-7f0fc2346000 ---p 00000000 00:00 0 
7f0fc2346000-7f0fc2444000 rw-p 00000000 00:00 0 
7f0fc2444000-7f0fc244b000 r--s 00000000 fd:00 4458191                    /usr/lib64/gconv/gconv-modules.cache
7f0fc244b000-7f0fc264b000 rw-p 00000000 00:00 0 
7f0fc264b000-7f0fc264e000 ---p 00000000 00:00 0 
7f0fc264e000-7f0fc274c000 rw-p 00000000 00:00 0 
7f0fc274c000-7f0fc2755000 r-xp 00000000 fd:00 1184521                    /home/irrationnelle/android-studio/jre/jre/lib/amd64/libmanagement.so
7f0fc2755000-7f0fc2954000 ---p 00009000 fd:00 1184521                    /home/irrationnelle/android-studio/jre/jre/lib/amd64/libmanagement.so
7f0fc2954000-7f0fc2955000 r--p 00008000 fd:00 1184521                    /home/irrationnelle/android-studio/jre/jre/lib/amd64/libmanagement.so
7f0fc2955000-7f0fc2956000 rw-p 00009000 fd:00 1184521                    /home/irrationnelle/android-studio/jre/jre/lib/amd64/libmanagement.so
7f0fc2956000-7f0fc295b000 r--s 00098000 fd:00 655646                     /home/irrationnelle/android-studio/jre/jre/lib/jsse.jar
7f0fc295b000-7f0fc295d000 r--s 00007000 fd:00 4999095                    /home/irrationnelle/.gradle/wrapper/dists/gradle-3.3-all/55gk2rcmfc6p2dg9u9ohc3hw9/gradle-3.3/lib/plugins/gradle-tooling-api-builders-3.3.jar
7f0fc295d000-7f0fc2960000 r--s 00009000 fd:00 4999088                    /home/irrationnelle/.gradle/wrapper/dists/gradle-3.3-all/55gk2rcmfc6p2dg9u9ohc3hw9/gradle-3.3/lib/plugins/gradle-testing-native-3.3.jar
7f0fc2960000-7f0fc2966000 r--s 00033000 fd:00 4999163                    /home/irrationnelle/.gradle/wrapper/dists/gradle-3.3-all/55gk2rcmfc6p2dg9u9ohc3hw9/gradle-3.3/lib/plugins/snakeyaml-1.6.jar
7f0fc2966000-7f0fc2968000 r--s 00006000 fd:00 4999162                    /home/irrationnelle/.gradle/wrapper/dists/gradle-3.3-all/55gk2rcmfc6p2dg9u9ohc3hw9/gradle-3.3/lib/plugins/jcommander-1.12.jar
7f0fc2968000-7f0fc296d000 r--s 00040000 fd:00 4999161                    /home/irrationnelle/.gradle/wrapper/dists/gradle-3.3-all/55gk2rcmfc6p2dg9u9ohc3hw9/gradle-3.3/lib/plugins/bsh-2.0b4.jar
7f0fc296d000-7f0fc296f000 r--s 00009000 fd:00 4999169                    /home/irrationnelle/.gradle/wrapper/dists/gradle-3.3-all/55gk2rcmfc6p2dg9u9ohc3hw9/gradle-3.3/lib/plugins/hamcrest-core-1.3.jar
7f0fc296f000-7f0fc2978000 r--s 00089000 fd:00 4999120                    /home/irrationnelle/.gradle/wrapper/dists/gradle-3.3-all/55gk2rcmfc6p2dg9u9ohc3hw9/gradle-3.3/lib/plugins/testng-6.3.1.jar
7f0fc2978000-7f0fc2980000 r--s 00045000 fd:00 4999119                    /home/irrationnelle/.gradle/wrapper/dists/gradle-3.3-all/55gk2rcmfc6p2dg9u9ohc3hw9/gradle-3.3/lib/plugins/junit-4.12.jar
7f0fc2980000-7f0fc2986000 r--s 0002e000 fd:00 4999089                    /home/irrationnelle/.gradle/wrapper/dists/gradle-3.3-all/55gk2rcmfc6p2dg9u9ohc3hw9/gradle-3.3/lib/plugins/gradle-testing-jvm-3.3.jar
7f0fc2986000-7f0fc298a000 r--s 00016000 fd:00 4999087                    /home/irrationnelle/.gradle/wrapper/dists/gradle-3.3-all/55gk2rcmfc6p2dg9u9ohc3hw9/gradle-3.3/lib/plugins/gradle-testing-base-3.3.jar
7f0fc298a000-7f0fc2991000 r--s 00038000 fd:00 4999114                    /home/irrationnelle/.gradle/wrapper/dists/gradle-3.3-all/55gk2rcmfc6p2dg9u9ohc3hw9/gradle-3.3/lib/plugins/bcpg-jdk15on-1.51.jar
7f0fc2991000-7f0fc2993000 r--s 0000c000 fd:00 4998571                    /home/irrationnelle/.gradle/wrapper/dists/gradle-3.3-all/55gk2rcmfc6p2dg9u9ohc3hw9/gradle-3.3/lib/plugins/gradle-signing-3.3.jar
7f0fc2993000-7f0fc2995000 r--s 00007000 fd:00 4998570                    /home/irrationnelle/.gradle/wrapper/dists/gradle-3.3-all/55gk2rcmfc6p2dg9u9ohc3hw9/gradle-3.3/lib/plugins/gradle-scala-3.3.jar
7f0fc2995000-7f0fc2996000 r--s 00004000 fd:00 4999093                    /home/irrationnelle/.gradle/wrapper/dists/gradle-3.3-all/55gk2rcmfc6p2dg9u9ohc3hw9/gradle-3.3/lib/plugins/gradle-resources-sftp-3.3.jar
7f0fc2996000-7f0fc29a6000 r--s 00088000 fd:00 4999130                    /home/irrationnelle/.gradle/wrapper/dists/gradle-3.3-all/55gk2rcmfc6p2dg9u9ohc3hw9/gradle-3.3/lib/plugins/joda-time-2.8.2.jar
7f0fc29a6000-7f0fc29b7000 r--s 0010d000 fd:00 4999129                    /home/irrationnelle/.gradle/wrapper/dists/gradle-3.3-all/55gk2rcmfc6p2dg9u9ohc3hw9/gradle-3.3/lib/plugins/jackson-databind-2.6.6.jar
7f0fc29b7000-7f0fc29ba000 r--s 00009000 fd:00 4999128                    /home/irrationnelle/.gradle/wrapper/dists/gradle-3.3-all/55gk2rcmfc6p2dg9u9ohc3hw9/gradle-3.3/lib/plugins/jackson-annotations-2.6.6.jar
7f0fc29ba000-7f0fc29be000 r--s 0003c000 fd:00 4999127                    /home/irrationnelle/.gradle/wrapper/dists/gradle-3.3-all/55gk2rcmfc6p2dg9u9ohc3hw9/gradle-3.3/lib/plugins/jackson-core-2.6.6.jar
7f0fc29be000-7f0fc29cc000 r--s 00087000 fd:00 4999126                    /home/irrationnelle/.gradle/wrapper/dists/gradle-3.3-all/55gk2rcmfc6p2dg9u9ohc3hw9/gradle-3.3/lib/plugins/aws-java-sdk-core-1.11.6.jar
7f0fc29cc000-7f0fc29d3000 r--s 00057000 fd:00 4999125                    /home/irrationnelle/.gradle/wrapper/dists/gradle-3.3-all/55gk2rcmfc6p2dg9u9ohc3hw9/gradle-3.3/lib/plugins/aws-java-sdk-kms-1.11.6.jar
7f0fc29d3000-7f0fc29e0000 r--s 0008e000 fd:00 4999124                    /home/irrationnelle/.gradle/wrapper/dists/gradle-3.3-all/55gk2rcmfc6p2dg9u9ohc3hw9/gradle-3.3/lib/plugins/aws-java-sdk-s3-1.11.6.jar
7f0fc29e0000-7f0fc29e2000 r--s 00004000 fd:00 4999094                    /home/irrationnelle/.gradle/wrapper/dists/gradle-3.3-all/55gk2rcmfc6p2dg9u9ohc3hw9/gradle-3.3/lib/plugins/gradle-resources-s3-3.3.jar
7f0fc29e2000-7f0fc29e4000 r--s 00005000 fd:00 4999118                    /home/irrationnelle/.gradle/wrapper/dists/gradle-3.3-all/55gk2rcmfc6p2dg9u9ohc3hw9/gradle-3.3/lib/plugins/jatl-0.2.2.jar
7f0fc29e4000-7f0fc29e6000 r--s 0000f000 fd:00 4998576                    /home/irrationnelle/.gradle/wrapper/dists/gradle-3.3-all/55gk2rcmfc6p2dg9u9ohc3hw9/gradle-3.3/lib/plugins/gradle-reporting-3.3.jar
7f0fc29e6000-7f0fc29e8000 r--s 00002000 fd:00 4998577                    /home/irrationnelle/.gradle/wrapper/dists/gradle-3.3-all/55gk2rcmfc6p2dg9u9ohc3hw9/gradle-3.3/lib/plugins/gradle-publish-3.3.jar
7f0fc29e8000-7f0fc29ea000 r--s 00009000 fd:00 4999101                    /home/irrationnelle/.gradle/wrapper/dists/gradle-3.3-all/55gk2rcmfc6p2dg9u9ohc3hw9/gradle-3.3/lib/plugins/commons-cli-1.2.jar
7f0fc29ea000-7f0fc29f0000 r--s 00031000 fd:00 4998562                    /home/irrationnelle/.gradle/wrapper/dists/gradle-3.3-all/55gk2rcmfc6p2dg9u9ohc3hw9/gradle-3.3/lib/plugins/gradle-plugins-3.3.jar
7f0fc29f0000-7f0fc29f2000 r--s 00009000 fd:00 4999090                    /home/irrationnelle/.gradle/wrapper/dists/gradle-3.3-all/55gk2rcmfc6p2dg9u9ohc3hw9/gradle-3.3/lib/plugins/gradle-plugin-development-3.3.jar
7f0fc29f2000-7f0fc29f8000 r--s 0002b000 fd:00 4998588                    /home/irrationnelle/.gradle/wrapper/dists/gradle-3.3-all/55gk2rcmfc6p2dg9u9ohc3hw9/gradle-3.3/lib/plugins/gradle-platform-play-3.3.jar
7f0fc29f8000-7f0fc2a06000 r--s 00055000 fd:00 4998587                    /home/irrationnelle/.gradle/wrapper/dists/gradle-3.3-all/55gk2rcmfc6p2dg9u9ohc3hw9/gradle-3.3/lib/plugins/gradle-platform-native-3.3.jar
7f0fc2a06000-7f0fc2a0b000 r--s 0001f000 fd:00 4998582                    /home/irrationnelle/.gradle/wrapper/dists/gradle-3.3-all/55gk2rcmfc6p2dg9u9ohc3hw9/gradle-3.3/lib/plugins/gradle-platform-jvm-3.3.jar
7f0fc2a0b000-7f0fc2a13000 r--s 00027000 fd:00 4998581                    /home/irrationnelle/.gradle/wrapper/dists/gradle-3.3-all/55gk2rcmfc6p2dg9u9ohc3hw9/gradle-3.3/lib/plugins/gradle-platform-base-3.3.jar
7f0fc2a13000-7f0fc2a3b000 r--s 0021c000 fd:00 4999109                    /home/irrationnelle/.gradle/wrapper/dists/gradle-3.3-all/55gk2rcmfc6p2dg9u9ohc3hw9/gradle-3.3/lib/plugins/biz.aQute.bndlib-3.2.0.jar
7f0fc2a3b000-7f0fc2a3d000 r--s 00003000 fd:00 4998566                    /home/irrationnelle/.gradle/wrapper/dists/gradle-3.3-all/55gk2rcmfc6p2dg9u9ohc3hw9/gradle-3.3/lib/plugins/gradle-osgi-3.3.jar
7f0fc2a3d000-7f0fc2a40000 r--s 0000c000 fd:00 4999112                    /home/irrationnelle/.gradle/wrapper/dists/gradle-3.3-all/55gk2rcmfc6p2dg9u9ohc3hw9/gradle-3.3/lib/plugins/pmaven-groovy-0.8-20100325.jar
7f0fc2a40000-7f0fc2a41000 r--s 00004000 fd:00 4999111                    /home/irrationnelle/.gradle/wrapper/dists/gradle-3.3-all/55gk2rcmfc6p2dg9u9ohc3hw9/gradle-3.3/lib/plugins/pmaven-common-0.8-20100325.jar
7f0fc2a41000-7f0fc2a47000 r--s 00023000 fd:00 4998567                    /home/irrationnelle/.gradle/wrapper/dists/gradle-3.3-all/55gk2rcmfc6p2dg9u9ohc3hw9/gradle-3.3/lib/plugins/gradle-maven-3.3.jar
7f0fc2a47000-7f0fc2a4a000 r--s 0000b000 fd:00 4998586                    /home/irrationnelle/.gradle/wrapper/dists/gradle-3.3-all/55gk2rcmfc6p2dg9u9ohc3hw9/gradle-3.3/lib/plugins/gradle-language-scala-3.3.jar
7f0fc2a4a000-7f0fc2a50000 r--s 0001a000 fd:00 4999085                    /home/irrationnelle/.gradle/wrapper/dists/gradle-3.3-all/55gk2rcmfc6p2dg9u9ohc3hw9/gradle-3.3/lib/plugins/gradle-language-native-3.3.jar
7f0fc2a50000-7f0fc2a53000 r--s 00005000 fd:00 4998583                    /home/irrationnelle/.gradle/wrapper/dists/gradle-3.3-all/55gk2rcmfc6p2dg9u9ohc3hw9/gradle-3.3/lib/plugins/gradle-language-jvm-3.3.jar
7f0fc2a53000-7f0fc2a59000 r--s 00027000 fd:00 4998584                    /home/irrationnelle/.gradle/wrapper/dists/gradle-3.3-all/55gk2rcmfc6p2dg9u9ohc3hw9/gradle-3.3/lib/plugins/gradle-language-java-3.3.jar
7f0fc2a59000-7f0fc2a5b000 r--s 0000a000 fd:00 4998585                    /home/irrationnelle/.gradle/wrapper/dists/gradle-3.3-all/55gk2rcmfc6p2dg9u9ohc3hw9/gradle-3.3/lib/plugins/gradle-language-groovy-3.3.jar
7f0fc2a5b000-7f0fc2a5e000 r--s 0001e000 fd:00 4999136                    /home/irrationnelle/.gradle/wrapper/dists/gradle-3.3-all/55gk2rcmfc6p2dg9u9ohc3hw9/gradle-3.3/lib/plugins/jsp-api-2.1-6.1.14.jar
7f0fc2a5e000-7f0fc2a81000 r--s 00344000 fd:00 4999135                    /home/irrationnelle/.gradle/wrapper/dists/gradle-3.3-all/55gk2rcmfc6p2dg9u9ohc3hw9/gradle-3.3/lib/plugins/core-3.1.1.jar
7f0fc2a81000-7f0fc2a82000 r--s 00006000 fd:00 4999134                    /home/irrationnelle/.gradle/wrapper/dists/gradle-3.3-all/55gk2rcmfc6p2dg9u9ohc3hw9/gradle-3.3/lib/plugins/jetty-naming-6.1.26.jar
7f0fc2a82000-7f0fc2a83000 r--s 00002000 fd:00 4999108                    /home/irrationnelle/.gradle/wrapper/dists/gradle-3.3-all/55gk2rcmfc6p2dg9u9ohc3hw9/gradle-3.3/lib/plugins/geronimo-annotation_1.0_spec-1.0.jar
7f0fc2a83000-7f0fc2a85000 r--s 00002000 fd:00 4999107                    /home/irrationnelle/.gradle/wrapper/dists/gradle-3.3-all/55gk2rcmfc6p2dg9u9ohc3hw9/gradle-3.3/lib/plugins/jetty-annotations-6.1.26.jar
7f0fc2a85000-7f0fc2a96000 r--s 000ea000 fd:00 4999106                    /home/irrationnelle/.gradle/wrapper/dists/gradle-3.3-all/55gk2rcmfc6p2dg9u9ohc3hw9/gradle-3.3/lib/plugins/jsp-2.1-6.1.14.jar
7f0fc2a96000-7f0fc2a98000 r--s 0000d000 fd:00 4999105                    /home/irrationnelle/.gradle/wrapper/dists/gradle-3.3-all/55gk2rcmfc6p2dg9u9ohc3hw9/gradle-3.3/lib/plugins/jetty-plus-6.1.26.jar
7f0fc2a98000-7f0fc2a9a000 r--s 0001f000 fd:00 4999104                    /home/irrationnelle/.gradle/wrapper/dists/gradle-3.3-all/55gk2rcmfc6p2dg9u9ohc3hw9/gradle-3.3/lib/plugins/servlet-api-2.5-20081211.jar
7f0fc2a9a000-7f0fc2a9e000 r--s 00028000 fd:00 4999103                    /home/irrationnelle/.gradle/wrapper/dists/gradle-3.3-all/55gk2rcmfc6p2dg9u9ohc3hw9/gradle-3.3/lib/plugins/jetty-util-6.1.26.jar
7f0fc2a9e000-7f0fc2aa5000 r--s 0007d000 fd:00 4999102                    /home/irrationnelle/.gradle/wrapper/dists/gradle-3.3-all/55gk2rcmfc6p2dg9u9ohc3hw9/gradle-3.3/lib/plugins/jetty-6.1.26.jar
7f0fc2aa5000-7f0fc2aa7000 r--s 0000a000 fd:00 4998564                    /home/irrationnelle/.gradle/wrapper/dists/gradle-3.3-all/55gk2rcmfc6p2dg9u9ohc3hw9/gradle-3.3/lib/plugins/gradle-jetty-3.3.jar
7f0fc2aa7000-7f0fc2aae000 r--s 00035000 fd:00 4999117                    /home/irrationnelle/.gradle/wrapper/dists/gradle-3.3-all/55gk2rcmfc6p2dg9u9ohc3hw9/gradle-3.3/lib/plugins/simple-4.1.21.jar
7f0fc2aae000-7f0fc2aba000 r--s 00100000 fd:00 4999115                    /home/irrationnelle/.gradle/wrapper/dists/gradle-3.3-all/55gk2rcmfc6p2dg9u9ohc3hw9/gradle-3.3/lib/plugins/rhino-1.7R3.jar
7f0fc2aba000-7f0fc2abe000 r--s 00012000 fd:00 4998573                    /home/irrationnelle/.gradle/wrapper/dists/gradle-3.3-all/55gk2rcmfc6p2dg9u9ohc3hw9/gradle-3.3/lib/plugins/gradle-javascript-3.3.jar
7f0fc2abe000-7f0fc2ac0000 r--s 0000d000 fd:00 4998579                    /home/irrationnelle/.gradle/wrapper/dists/gradle-3.3-all/55gk2rcmfc6p2dg9u9ohc3hw9/gradle-3.3/lib/plugins/gradle-jacoco-3.3.jar
7f0fc2ac0000-7f0fc2ac3000 r--s 0000e000 fd:00 4998578                    /home/irrationnelle/.gradle/wrapper/dists/gradle-3.3-all/55gk2rcmfc6p2dg9u9ohc3hw9/gradle-3.3/lib/plugins/gradle-ivy-3.3.jar
7f0fc2ac3000-7f0fc2ac4000 r--s 00002000 fd:00 4998862                    /home/irrationnelle/.gradle/wrapper/dists/gradle-3.3-all/55gk2rcmfc6p2dg9u9ohc3hw9/gradle-3.3/lib/plugins/gradle-ide-play-3.3.jar
7f0fc2ac4000-7f0fc2ac7000 r--s 00013000 fd:00 4999086                    /home/irrationnelle/.gradle/wrapper/dists/gradle-3.3-all/55gk2rcmfc6p2dg9u9ohc3hw9/gradle-3.3/lib/plugins/gradle-ide-native-3.3.jar
7f0fc2ac7000-7f0fc2ad0000 r--s 00055000 fd:00 4998568                    /home/irrationnelle/.gradle/wrapper/dists/gradle-3.3-all/55gk2rcmfc6p2dg9u9ohc3hw9/gradle-3.3/lib/plugins/gradle-ide-3.3.jar
7f0fc2ad0000-7f0fc2ad2000 r--s 00007000 fd:00 4998572                    /home/irrationnelle/.gradle/wrapper/dists/gradle-3.3-all/55gk2rcmfc6p2dg9u9ohc3hw9/gradle-3.3/lib/plugins/gradle-ear-3.3.jar
7f0fc2ad2000-7f0fc2ad8000 r--s 00039000 fd:00 4998575                    /home/irrationnelle/.gradle/wrapper/dists/gradle-3.3-all/55gk2rcmfc6p2dg9u9ohc3hw9/gradle-3.3/lib/plugins/gradle-diagnostics-3.3.jar
7f0fc2ad8000-7f0fc2ad9000 r--s 00009000 fd:00 4999096                    /home/irrationnelle/.gradle/wrapper/dists/gradle-3.3-all/55gk2rcmfc6p2dg9u9ohc3hw9/gradle-3.3/lib/plugins/gradle-composite-builds-3.3.jar
7f0fc2ad9000-7f0fc2add000 r--s 00023000 fd:00 4998563                    /home/irrationnelle/.gradle/wrapper/dists/gradle-3.3-all/55gk2rcmfc6p2dg9u9ohc3hw9/gradle-3.3/lib/plugins/gradle-code-quality-3.3.jar
7f0fc2add000-7f0fc2ae1000 r--s 00022000 fd:00 4998580                    /home/irrationnelle/.gradle/wrapper/dists/gradle-3.3-all/55gk2rcmfc6p2dg9u9ohc3hw9/gradle-3.3/lib/plugins/gradle-build-init-3.3.jar
7f0fc2ae1000-7f0fc2ae7000 r--s 0008e000 fd:00 4998574                    /home/irrationnelle/.gradle/wrapper/dists/gradle-3.3-all/55gk2rcmfc6p2dg9u9ohc3hw9/gradle-3.3/lib/plugins/gradle-build-comparison-3.3.jar
7f0fc2ae7000-7f0fc2ae8000 r--s 00001000 fd:00 4999097                    /home/irrationnelle/.gradle/wrapper/dists/gradle-3.3-all/55gk2rcmfc6p2dg9u9ohc3hw9/gradle-3.3/lib/plugins/gradle-build-cache-http-3.3.jar
7f0fc2ae8000-7f0fc2aea000 r--s 00008000 fd:00 4998565                    /home/irrationnelle/.gradle/wrapper/dists/gradle-3.3-all/55gk2rcmfc6p2dg9u9ohc3hw9/gradle-3.3/lib/plugins/gradle-antlr-3.3.jar
7f0fc2aea000-7f0fc2aec000 r--s 00004000 fd:00 4998569                    /home/irrationnelle/.gradle/wrapper/dists/gradle-3.3-all/55gk2rcmfc6p2dg9u9ohc3hw9/gradle-3.3/lib/plugins/gradle-announce-3.3.jar
7f0fc2aec000-7f0fc2b04000 r--s 00115000 fd:00 4999166                    /home/irrationnelle/.gradle/wrapper/dists/gradle-3.3-all/55gk2rcmfc6p2dg9u9ohc3hw9/gradle-3.3/lib/plugins/xercesImpl-2.9.1.jar
7f0fc2b04000-7f0fc2b0c000 r--s 00028000 fd:00 4999167                    /home/irrationnelle/.gradle/wrapper/dists/gradle-3.3-all/55gk2rcmfc6p2dg9u9ohc3hw9/gradle-3.3/lib/plugins/xml-apis-1.3.04.jar
7f0fc2b0c000-7f0fc2b12000 r--s 0005b000 fd:00 4999165                    /home/irrationnelle/.gradle/wrapper/dists/gradle-3.3-all/55gk2rcmfc6p2dg9u9ohc3hw9/gradle-3.3/lib/plugins/jcifs-1.3.17.jar
7f0fc2b12000-7f0fc2b18000 r--s 00033000 fd:00 4999113                    /home/irrationnelle/.gradle/wrapper/dists/gradle-3.3-all/55gk2rcmfc6p2dg9u9ohc3hw9/gradle-3.3/lib/plugins/commons-codec-1.6.jar
7f0fc2b18000-7f0fc2b1f000 r--s 00049000 fd:00 4999164                    /home/irrationnelle/.gradle/wrapper/dists/gradle-3.3-all/55gk2rcmfc6p2dg9u9ohc3hw9/gradle-3.3/lib/plugins/httpcore-4.4.4.jar
7f0fc2b1f000-7f0fc2b22000 r--s 0001c000 fd:00 4999122                    /home/irrationnelle/.gradle/wrapper/dists/gradle-3.3-all/55gk2rcmfc6p2dg9u9ohc3hw9/gradle-3.3/lib/plugins/nekohtml-1.9.14.jar
7f0fc2b22000-7f0fc2b2f000 r--s 000a4000 fd:00 4999121                    /home/irrationnelle/.gradle/wrapper/dists/gradle-3.3-all/55gk2rcmfc6p2dg9u9ohc3hw9/gradle-3.3/lib/plugins/httpclient-4.4.1.jar
7f0fc2b2f000-7f0fc2b32000 r--s 0000a000 fd:00 4999092                    /home/irrationnelle/.gradle/wrapper/dists/gradle-3.3-all/55gk2rcmfc6p2dg9u9ohc3hw9/gradle-3.3/lib/plugins/gradle-resources-http-3.3.jar
7f0fc2b32000-7f0fc2b36000 r--s 00015000 fd:00 4999091                    /home/irrationnelle/.gradle/wrapper/dists/gradle-3.3-all/55gk2rcmfc6p2dg9u9ohc3hw9/gradle-3.3/lib/plugins/gradle-plugin-use-3.3.jar
7f0fc2b36000-7f0fc2b37000 r--s 00000000 fd:00 4997590                    /home/irrationnelle/.gradle/wrapper/dists/gradle-3.3-all/55gk2rcmfc6p2dg9u9ohc3hw9/gradle-3.3/lib/gradle-installation-beacon-3.3.jar
7f0fc2b37000-7f0fc2b39000 r--s 00006000 fd:00 4999160                    /home/irrationnelle/.gradle/wrapper/dists/gradle-3.3-all/55gk2rcmfc6p2dg9u9ohc3hw9/gradle-3.3/lib/plugins/aether-connector-wagon-1.13.1.jar
7f0fc2b39000-7f0fc2b3d000 r--s 0001c000 fd:00 4999159                    /home/irrationnelle/.gradle/wrapper/dists/gradle-3.3-all/55gk2rcmfc6p2dg9u9ohc3hw9/gradle-3.3/lib/plugins/aether-util-1.13.1.jar
7f0fc2b3d000-7f0fc2b3e000 r--s 00003000 fd:00 4999158                    /home/irrationnelle/.gradle/wrapper/dists/gradle-3.3-all/55gk2rcmfc6p2dg9u9ohc3hw9/gradle-3.3/lib/plugins/aether-spi-1.13.1.jar
7f0fc2b3e000-7f0fc2b41000 r--s 0001d000 fd:00 4999157                    /home/irrationnelle/.gradle/wrapper/dists/gradle-3.3-all/55gk2rcmfc6p2dg9u9ohc3hw9/gradle-3.3/lib/plugins/aether-impl-1.13.1.jar
7f0fc2b41000-7f0fc2b44000 r--s 00013000 fd:00 4999156                    /home/irrationnelle/.gradle/wrapper/dists/gradle-3.3-all/55gk2rcmfc6p2dg9u9ohc3hw9/gradle-3.3/lib/plugins/aether-api-1.13.1.jar
7f0fc2b44000-7f0fc2b45000 r--s 00007000 fd:00 4999155                    /home/irrationnelle/.gradle/wrapper/dists/gradle-3.3-all/55gk2rcmfc6p2dg9u9ohc3hw9/gradle-3.3/lib/plugins/wagon-http-shared4-2.4.jar
7f0fc2b45000-7f0fc2b47000 r--s 0000b000 fd:00 4999154                    /home/irrationnelle/.gradle/wrapper/dists/gradle-3.3-all/55gk2rcmfc6p2dg9u9ohc3hw9/gradle-3.3/lib/plugins/wagon-provider-api-2.4.jar
7f0fc2b47000-7f0fc2b48000 r--s 00002000 fd:00 4999153                    /home/irrationnelle/.gradle/wrapper/dists/gradle-3.3-all/55gk2rcmfc6p2dg9u9ohc3hw9/gradle-3.3/lib/plugins/wagon-http-2.4.jar
7f0fc2b48000-7f0fc2b49000 r--s 00002000 fd:00 4999152                    /home/irrationnelle/.gradle/wrapper/dists/gradle-3.3-all/55gk2rcmfc6p2dg9u9ohc3hw9/gradle-3.3/lib/plugins/wagon-file-2.4.jar
7f0fc2b49000-7f0fc2b4b000 r--s 0000c000 fd:00 4999151                    /home/irrationnelle/.gradle/wrapper/dists/gradle-3.3-all/55gk2rcmfc6p2dg9u9ohc3hw9/gradle-3.3/lib/plugins/maven-aether-provider-3.0.4.jar
7f0fc2b4b000-7f0fc2b4d000 r--s 0000b000 fd:00 4999150                    /home/irrationnelle/.gradle/wrapper/dists/gradle-3.3-all/55gk2rcmfc6p2dg9u9ohc3hw9/gradle-3.3/lib/plugins/maven-plugin-api-3.0.4.jar
7f0fc2b4d000-7f0fc2b4f000 r--s 00006000 fd:00 4999149                    /home/irrationnelle/.gradle/wrapper/dists/gradle-3.3-all/55gk2rcmfc6p2dg9u9ohc3hw9/gradle-3.3/lib/plugins/maven-repository-metadata-3.0.4.jar
7f0fc2b4f000-7f0fc2b51000 r--s 0000b000 fd:00 4999148                    /home/irrationnelle/.gradle/wrapper/dists/gradle-3.3-all/55gk2rcmfc6p2dg9u9ohc3hw9/gradle-3.3/lib/plugins/maven-artifact-3.0.4.jar
7f0fc2b51000-7f0fc2b53000 r--s 00026000 fd:00 4999147                    /home/irrationnelle/.gradle/wrapper/dists/gradle-3.3-all/55gk2rcmfc6p2dg9u9ohc3hw9/gradle-3.3/lib/plugins/maven-model-3.0.4.jar
7f0fc2b53000-7f0fc2b57000 r--s 00021000 fd:00 4999146                    /home/irrationnelle/.gradle/wrapper/dists/gradle-3.3-all/55gk2rcmfc6p2dg9u9ohc3hw9/gradle-3.3/lib/plugins/maven-model-builder-3.0.4.jar
7f0fc2b57000-7f0fc2b5d000 r--s 0003f000 fd:00 4999145                    /home/irrationnelle/.gradle/wrapper/dists/gradle-3.3-all/55gk2rcmfc6p2dg9u9ohc3hw9/gradle-3.3/lib/plugins/maven-compat-3.0.4.jar
7f0fc2b5d000-7f0fc2b5e000 r--s 00006000 fd:00 4999144                    /home/irrationnelle/.gradle/wrapper/dists/gradle-3.3-all/55gk2rcmfc6p2dg9u9ohc3hw9/gradle-3.3/lib/plugins/plexus-sec-dispatcher-1.3.jar
7f0fc2b5e000-7f0fc2b60000 r--s 00002000 fd:00 4999143                    /home/irrationnelle/.gradle/wrapper/dists/gradle-3.3-all/55gk2rcmfc6p2dg9u9ohc3hw9/gradle-3.3/lib/plugins/plexus-cipher-1.7.jar
7f0fc2b60000-7f0fc2b62000 r--s 0000a000 fd:00 4999142                    /home/irrationnelle/.gradle/wrapper/dists/gradle-3.3-all/55gk2rcmfc6p2dg9u9ohc3hw9/gradle-3.3/lib/plugins/plexus-classworlds-2.4.jar
7f0fc2b62000-7f0fc2b69000 r--s 0002e000 fd:00 4999141                    /home/irrationnelle/.gradle/wrapper/dists/gradle-3.3-all/55gk2rcmfc6p2dg9u9ohc3hw9/gradle-3.3/lib/plugins/plexus-container-default-1.5.5.jar
7f0fc2b69000-7f0fc2b6b000 r--s 00000000 fd:00 4999168                    /home/irrationnelle/.gradle/wrapper/dists/gradle-3.3-all/55gk2rcmfc6p2dg9u9ohc3hw9/gradle-3.3/lib/plugins/plexus-component-annotations-1.5.5.jar
7f0fc2b6b000-7f0fc2b6d000 r--s 0000d000 fd:00 4999140                    /home/irrationnelle/.gradle/wrapper/dists/gradle-3.3-all/55gk2rcmfc6p2dg9u9ohc3hw9/gradle-3.3/lib/plugins/plexus-interpolation-1.14.jar
7f0fc2b6d000-7f0fc2b71000 r--s 00033000 fd:00 4999139                    /home/irrationnelle/.gradle/wrapper/dists/gradle-3.3-all/55gk2rcmfc6p2dg9u9ohc3hw9/gradle-3.3/lib/plugins/plexus-utils-2.0.6.jar
7f0fc2b71000-7f0fc2b74000 r--s 00008000 fd:00 4999138                    /home/irrationnelle/.gradle/wrapper/dists/gradle-3.3-all/55gk2rcmfc6p2dg9u9ohc3hw9/gradle-3.3/lib/plugins/maven-settings-builder-3.0.4.jar
7f0fc2b74000-7f0fc2b76000 r--s 0000a000 fd:00 4999137                    /home/irrationnelle/.gradle/wrapper/dists/gradle-3.3-all/55gk2rcmfc6p2dg9u9ohc3hw9/gradle-3.3/lib/plugins/maven-settings-3.0.4.jar
7f0fc2b76000-7f0fc2b7b000 r--s 00040000 fd:00 4999123                    /home/irrationnelle/.gradle/wrapper/dists/gradle-3.3-all/55gk2rcmfc6p2dg9u9ohc3hw9/gradle-3.3/lib/plugins/jsch-0.1.53.jar
7f0fc2b7b000-7f0fc2bbb000 r--s 00277000 fd:00 4999133                    /home/irrationnelle/.gradle/wrapper/dists/gradle-3.3-all/55gk2rcmfc6p2dg9u9ohc3hw9/gradle-3.3/lib/plugins/bcprov-jdk15on-1.51.jar
7f0fc2bbb000-7f0fc2bc7000 r--s 0007d000 fd:00 4999110                    /home/irrationnelle/.gradle/wrapper/dists/gradle-3.3-all/55gk2rcmfc6p2dg9u9ohc3hw9/gradle-3.3/lib/plugins/maven-core-3.0.4.jar
7f0fc2bc7000-7f0fc2be6000 r--s 000f6000 fd:00 4999099                    /home/irrationnelle/.gradle/wrapper/dists/gradle-3.3-all/55gk2rcmfc6p2dg9u9ohc3hw9/gradle-3.3/lib/plugins/gradle-dependency-management-3.3.jar
7f0fc2be6000-7f0fc2bfc000 r-xp 00000000 fd:00 3943356                    /usr/lib64/libgcc_s-6.3.1-20161221.so.1
7f0fc2bfc000-7f0fc2dfb000 ---p 00016000 fd:00 3943356                    /usr/lib64/libgcc_s-6.3.1-20161221.so.1
7f0fc2dfb000-7f0fc2dfc000 r--p 00015000 fd:00 3943356                    /usr/lib64/libgcc_s-6.3.1-20161221.so.1
7f0fc2dfc000-7f0fc2dfd000 rw-p 00016000 fd:00 3943356                    /usr/lib64/libgcc_s-6.3.1-20161221.so.1
7f0fc2dfd000-7f0fc2f75000 r-xp 00000000 fd:00 3940597                    /usr/lib64/libstdc++.so.6.0.22
7f0fc2f75000-7f0fc3175000 ---p 00178000 fd:00 3940597                    /usr/lib64/libstdc++.so.6.0.22
7f0fc3175000-7f0fc317f000 r--p 00178000 fd:00 3940597                    /usr/lib64/libstdc++.so.6.0.22
7f0fc317f000-7f0fc3181000 rw-p 00182000 fd:00 3940597                    /usr/lib64/libstdc++.so.6.0.22
7f0fc3181000-7f0fc3185000 rw-p 00000000 00:00 0 
7f0fc3185000-7f0fc3189000 r--s 0001d000 fd:00 4999132                    /home/irrationnelle/.gradle/wrapper/dists/gradle-3.3-all/55gk2rcmfc6p2dg9u9ohc3hw9/gradle-3.3/lib/plugins/xbean-reflect-3.4.jar
7f0fc3189000-7f0fc318e000 r--s 00034000 fd:00 4999116                    /home/irrationnelle/.gradle/wrapper/dists/gradle-3.3-all/55gk2rcmfc6p2dg9u9ohc3hw9/gradle-3.3/lib/plugins/gson-2.7.jar
7f0fc318e000-7f0fc319d000 r--s 000d9000 fd:00 4999131                    /home/irrationnelle/.gradle/wrapper/dists/gradle-3.3-all/55gk2rcmfc6p2dg9u9ohc3hw9/gradle-3.3/lib/plugins/ivy-2.2.0.jar
7f0fc319d000-7f0fc319f000 r--s 00005000 fd:00 4999098                    /home/irrationnelle/.gradle/wrapper/dists/gradle-3.3-all/55gk2rcmfc6p2dg9u9ohc3hw9/gradle-3.3/lib/plugins/gradle-workers-3.3.jar
7f0fc319f000-7f0fc31a4000 r-xp 00000000 fd:00 3177986                    /home/irrationnelle/.gradle/native/23/linux-amd64/libnative-platform.so
7f0fc31a4000-7f0fc33a3000 ---p 00005000 fd:00 3177986                    /home/irrationnelle/.gradle/native/23/linux-amd64/libnative-platform.so
7f0fc33a3000-7f0fc33a4000 rw-p 00004000 fd:00 3177986                    /home/irrationnelle/.gradle/native/23/linux-amd64/libnative-platform.so
7f0fc33a4000-7f0fc33b5000 r-xp 00000000 fd:00 1183919                    /home/irrationnelle/android-studio/jre/jre/lib/amd64/libnio.so
7f0fc33b5000-7f0fc35b4000 ---p 00011000 fd:00 1183919                    /home/irrationnelle/android-studio/jre/jre/lib/amd64/libnio.so
7f0fc35b4000-7f0fc35b5000 r--p 00010000 fd:00 1183919                    /home/irrationnelle/android-studio/jre/jre/lib/amd64/libnio.so
7f0fc35b5000-7f0fc35b6000 rw-p 00011000 fd:00 1183919                    /home/irrationnelle/android-studio/jre/jre/lib/amd64/libnio.so
7f0fc35b6000-7f0fc35cd000 r-xp 00000000 fd:00 1183918                    /home/irrationnelle/android-studio/jre/jre/lib/amd64/libnet.so
7f0fc35cd000-7f0fc37cc000 ---p 00017000 fd:00 1183918                    /home/irrationnelle/android-studio/jre/jre/lib/amd64/libnet.so
7f0fc37cc000-7f0fc37cd000 r--p 00016000 fd:00 1183918                    /home/irrationnelle/android-studio/jre/jre/lib/amd64/libnet.so
7f0fc37cd000-7f0fc37ce000 rw-p 00017000 fd:00 1183918                    /home/irrationnelle/android-studio/jre/jre/lib/amd64/libnet.so
7f0fc37ce000-7f0fc37cf000 r--s 00006000 fd:00 4997588                    /home/irrationnelle/.gradle/wrapper/dists/gradle-3.3-all/55gk2rcmfc6p2dg9u9ohc3hw9/gradle-3.3/lib/gradle-wrapper-3.3.jar
7f0fc37cf000-7f0fc37dc000 r--s 00041000 fd:00 4997599                    /home/irrationnelle/.gradle/wrapper/dists/gradle-3.3-all/55gk2rcmfc6p2dg9u9ohc3hw9/gradle-3.3/lib/gradle-tooling-api-3.3.jar
7f0fc37dc000-7f0fc37de000 r--s 00002000 fd:00 4997666                    /home/irrationnelle/.gradle/wrapper/dists/gradle-3.3-all/55gk2rcmfc6p2dg9u9ohc3hw9/gradle-3.3/lib/gradle-open-api-3.3.jar
7f0fc37de000-7f0fc37e4000 r--s 00032000 fd:00 4997669                    /home/irrationnelle/.gradle/wrapper/dists/gradle-3.3-all/55gk2rcmfc6p2dg9u9ohc3hw9/gradle-3.3/lib/jaxen-1.1.jar
7f0fc37e4000-7f0fc37e9000 r--s 00048000 fd:00 4997667                    /home/irrationnelle/.gradle/wrapper/dists/gradle-3.3-all/55gk2rcmfc6p2dg9u9ohc3hw9/gradle-3.3/lib/dom4j-1.6.1.jar
7f0fc37e9000-7f0fc37f4000 r--s 00059000 fd:00 4997598                    /home/irrationnelle/.gradle/wrapper/dists/gradle-3.3-all/55gk2rcmfc6p2dg9u9ohc3hw9/gradle-3.3/lib/gradle-ui-3.3.jar
7f0fc37f4000-7f0fc37fd000 r--s 0008c000 fd:00 4997585                    /home/irrationnelle/.gradle/wrapper/dists/gradle-3.3-all/55gk2rcmfc6p2dg9u9ohc3hw9/gradle-3.3/lib/kotlin-stdlib-1.1-M02.jar
7f0fc37fd000-7f0fc3803000 r--s 0002a000 fd:00 4997583                    /home/irrationnelle/.gradle/wrapper/dists/gradle-3.3-all/55gk2rcmfc6p2dg9u9ohc3hw9/gradle-3.3/lib/kotlin-runtime-1.1-M02.jar
7f0fc3803000-7f0fc3837000 r--s 00256000 fd:00 4997582                    /home/irrationnelle/.gradle/wrapper/dists/gradle-3.3-all/55gk2rcmfc6p2dg9u9ohc3hw9/gradle-3.3/lib/kotlin-reflect-1.1-M02.jar
7f0fc3837000-7f0fc39cd000 r--s 0157e000 fd:00 4997580                    /home/irrationnelle/.gradle/wrapper/dists/gradle-3.3-all/55gk2rcmfc6p2dg9u9ohc3hw9/gradle-3.3/lib/kotlin-compiler-embeddable-1.1-M02.jar
7f0fc39cd000-7f0fc39d5000 r--s 0004e000 fd:00 4997579                    /home/irrationnelle/.gradle/wrapper/dists/gradle-3.3-all/55gk2rcmfc6p2dg9u9ohc3hw9/gradle-3.3/lib/gradle-script-kotlin-0.5.1.jar
7f0fc39d5000-7f0fc39d8000 r--s 0000b000 fd:00 4997664                    /home/irrationnelle/.gradle/wrapper/dists/gradle-3.3-all/55gk2rcmfc6p2dg9u9ohc3hw9/gradle-3.3/lib/gradle-resources-3.3.jar
7f0fc39d8000-7f0fc39da000 r--s 00003000 fd:00 4997675                    /home/irrationnelle/.gradle/wrapper/dists/gradle-3.3-all/55gk2rcmfc6p2dg9u9ohc3hw9/gradle-3.3/lib/jcl-over-slf4j-1.7.10.jar
7f0fc39da000-7f0fc39db000 r--s 00005000 fd:00 4997673                    /home/irrationnelle/.gradle/wrapper/dists/gradle-3.3-all/55gk2rcmfc6p2dg9u9ohc3hw9/gradle-3.3/lib/log4j-over-slf4j-1.7.10.jar
7f0fc39db000-7f0fc39dd000 r--s 00000000 fd:00 4997672                    /home/irrationnelle/.gradle/wrapper/dists/gradle-3.3-all/55gk2rcmfc6p2dg9u9ohc3hw9/gradle-3.3/lib/jul-to-slf4j-1.7.10.jar
7f0fc39dd000-7f0fc39e2000 r--s 0001e000 fd:00 4997645                    /home/irrationnelle/.gradle/wrapper/dists/gradle-3.3-all/55gk2rcmfc6p2dg9u9ohc3hw9/gradle-3.3/lib/gradle-logging-3.3.jar
7f0fc39e2000-7f0fc39e4000 r--s 00007000 fd:00 4997714                    /home/irrationnelle/.gradle/wrapper/dists/gradle-3.3-all/55gk2rcmfc6p2dg9u9ohc3hw9/gradle-3.3/lib/objenesis-1.2.jar
7f0fc39e4000-7f0fc39e6000 r--s 00000000 fd:00 4997712                    /home/irrationnelle/.gradle/wrapper/dists/gradle-3.3-all/55gk2rcmfc6p2dg9u9ohc3hw9/gradle-3.3/lib/minlog-1.2.jar
7f0fc39e6000-7f0fc39e8000 r--s 0000f000 fd:00 4997710                    /home/irrationnelle/.gradle/wrapper/dists/gradle-3.3-all/55gk2rcmfc6p2dg9u9ohc3hw9/gradle-3.3/lib/reflectasm-1.07-shaded.jar
7f0fc39e8000-7f0fc39ec000 r--s 00026000 fd:00 4997678                    /home/irrationnelle/.gradle/wrapper/dists/gradle-3.3-all/55gk2rcmfc6p2dg9u9ohc3hw9/gradle-3.3/lib/kryo-2.20.jar
7f0fc39ec000-7f0fc39f2000 r--s 00027000 fd:00 4997663                    /home/irrationnelle/.gradle/wrapper/dists/gradle-3.3-all/55gk2rcmfc6p2dg9u9ohc3hw9/gradle-3.3/lib/gradle-messaging-3.3.jar
7f0fc39f2000-7f0fc39f3000 r--s 00001000 fd:00 4997708                    /home/irrationnelle/.gradle/wrapper/dists/gradle-3.3-all/55gk2rcmfc6p2dg9u9ohc3hw9/gradle-3.3/lib/native-platform-linux-i386-ncurses6-0.12.jar
7f0fc39f3000-7f0fc39f4000 r--s 00001000 fd:00 4997705                    /home/irrationnelle/.gradle/wrapper/dists/gradle-3.3-all/55gk2rcmfc6p2dg9u9ohc3hw9/gradle-3.3/lib/native-platform-linux-i386-ncurses5-0.12.jar
7f0fc39f4000-7f0fc39f5000 r--s 00001000 fd:00 4997703                    /home/irrationnelle/.gradle/wrapper/dists/gradle-3.3-all/55gk2rcmfc6p2dg9u9ohc3hw9/gradle-3.3/lib/native-platform-linux-amd64-ncurses6-0.12.jar
7f0fc39f5000-7f0fc39f6000 r--s 00001000 fd:00 4997701                    /home/irrationnelle/.gradle/wrapper/dists/gradle-3.3-all/55gk2rcmfc6p2dg9u9ohc3hw9/gradle-3.3/lib/native-platform-linux-amd64-ncurses5-0.12.jar
7f0fc39f6000-7f0fc39f8000 r--s 0000b000 fd:00 4997695                    /home/irrationnelle/.gradle/wrapper/dists/gradle-3.3-all/55gk2rcmfc6p2dg9u9ohc3hw9/gradle-3.3/lib/native-platform-windows-amd64-0.12.jar
7f0fc39f8000-7f0fc39fa000 r--s 00002000 fd:00 4997691                    /home/irrationnelle/.gradle/wrapper/dists/gradle-3.3-all/55gk2rcmfc6p2dg9u9ohc3hw9/gradle-3.3/lib/native-platform-osx-i386-0.12.jar
7f0fc39fa000-7f0fc39fb000 ---p 00000000 00:00 0 
7f0fc39fb000-7f0fc3afb000 rw-p 00000000 00:00 0 
7f0fc3afb000-7f0fc3afe000 ---p 00000000 00:00 0 
7f0fc3afe000-7f0fc3bfc000 rw-p 00000000 00:00 0 
7f0fc3bfc000-7f0fc3bff000 ---p 00000000 00:00 0 
7f0fc3bff000-7f0fc3cfd000 rw-p 00000000 00:00 0 
7f0fc3cfd000-7f0fc3d00000 ---p 00000000 00:00 0 
7f0fc3d00000-7f0fc3dfe000 rw-p 00000000 00:00 0 
7f0fc3dfe000-7f0fc3e01000 ---p 00000000 00:00 0 
7f0fc3e01000-7f0fc3eff000 rw-p 00000000 00:00 0 
7f0fc3eff000-7f0fc3f02000 ---p 00000000 00:00 0 
7f0fc3f02000-7f0fc4000000 rw-p 00000000 00:00 0 
7f0fc4000000-7f0fc4360000 rw-p 00000000 00:00 0 
7f0fc4360000-7f0fc8000000 ---p 00000000 00:00 0 
7f0fc8000000-7f0fc8021000 rw-p 00000000 00:00 0 
7f0fc8021000-7f0fcc000000 ---p 00000000 00:00 0 
7f0fcc000000-7f0fcc150000 rw-p 00000000 00:00 0 
7f0fcc150000-7f0fd0000000 ---p 00000000 00:00 0 
7f0fd0000000-7f0fd0066000 rw-p 00000000 00:00 0 
7f0fd0066000-7f0fd4000000 ---p 00000000 00:00 0 
7f0fd4000000-7f0fd4021000 rw-p 00000000 00:00 0 
7f0fd4021000-7f0fd8000000 ---p 00000000 00:00 0 
7f0fd8000000-7f0fd8001000 r--s 0000b000 fd:00 4997699                    /home/irrationnelle/.gradle/wrapper/dists/gradle-3.3-all/55gk2rcmfc6p2dg9u9ohc3hw9/gradle-3.3/lib/native-platform-windows-i386-0.12.jar
7f0fd8001000-7f0fd8002000 r--s 00002000 fd:00 4997690                    /home/irrationnelle/.gradle/wrapper/dists/gradle-3.3-all/55gk2rcmfc6p2dg9u9ohc3hw9/gradle-3.3/lib/native-platform-osx-amd64-0.12.jar
7f0fd8002000-7f0fd8003000 r--s 00002000 fd:00 4997688                    /home/irrationnelle/.gradle/wrapper/dists/gradle-3.3-all/55gk2rcmfc6p2dg9u9ohc3hw9/gradle-3.3/lib/native-platform-linux-i386-0.12.jar
7f0fd8003000-7f0fd8004000 r--s 00002000 fd:00 4997686                    /home/irrationnelle/.gradle/wrapper/dists/gradle-3.3-all/55gk2rcmfc6p2dg9u9ohc3hw9/gradle-3.3/lib/native-platform-linux-amd64-0.12.jar
7f0fd8004000-7f0fd8005000 r--s 00003000 fd:00 4997684                    /home/irrationnelle/.gradle/wrapper/dists/gradle-3.3-all/55gk2rcmfc6p2dg9u9ohc3hw9/gradle-3.3/lib/native-platform-freebsd-i386-libstdcpp-0.12.jar
7f0fd8005000-7f0fd8006000 r--s 00004000 fd:00 4997683                    /home/irrationnelle/.gradle/wrapper/dists/gradle-3.3-all/55gk2rcmfc6p2dg9u9ohc3hw9/gradle-3.3/lib/native-platform-freebsd-i386-libcpp-0.12.jar
7f0fd8006000-7f0fd8009000 r--s 00023000 fd:00 4997671                    /home/irrationnelle/.gradle/wrapper/dists/gradle-3.3-all/55gk2rcmfc6p2dg9u9ohc3hw9/gradle-3.3/lib/jansi-1.14.jar
7f0fd8009000-7f0fd800d000 r--s 00011000 fd:00 4997670                    /home/irrationnelle/.gradle/wrapper/dists/gradle-3.3-all/55gk2rcmfc6p2dg9u9ohc3hw9/gradle-3.3/lib/native-platform-0.12.jar
7f0fd800d000-7f0fd801c000 r--s 0007f000 fd:00 4997651                    /home/irrationnelle/.gradle/wrapper/dists/gradle-3.3-all/55gk2rcmfc6p2dg9u9ohc3hw9/gradle-3.3/lib/gradle-model-core-3.3.jar
7f0fd801c000-7f0fd808c000 r--s 00641000 fd:00 4997650                    /home/irrationnelle/.gradle/wrapper/dists/gradle-3.3-all/55gk2rcmfc6p2dg9u9ohc3hw9/gradle-3.3/lib/groovy-all-2.4.7.jar
7f0fd808c000-7f0fd80b4000 r--s 001cf000 fd:00 4997647                    /home/irrationnelle/.gradle/wrapper/dists/gradle-3.3-all/55gk2rcmfc6p2dg9u9ohc3hw9/gradle-3.3/lib/guava-jdk5-17.0.jar
7f0fd80b4000-7f0fd80f1000 r--s 001f8000 fd:00 4997595                    /home/irrationnelle/.gradle/wrapper/dists/gradle-3.3-all/55gk2rcmfc6p2dg9u9ohc3hw9/gradle-3.3/lib/gradle-core-3.3.jar
7f0fd80f1000-7f0fd80f4000 ---p 00000000 00:00 0 
7f0fd80f4000-7f0fd81f2000 rw-p 00000000 00:00 0 
7f0fd81f2000-7f0fd81f5000 ---p 00000000 00:00 0 
7f0fd81f5000-7f0fd82f3000 rw-p 00000000 00:00 0 
7f0fd82f3000-7f0fd82f4000 ---p 00000000 00:00 0 
7f0fd82f4000-7f0fdc000000 rw-p 00000000 00:00 0 
7f0fdc000000-7f0fdc032000 rw-p 00000000 00:00 0 
7f0fdc032000-7f0fe0000000 ---p 00000000 00:00 0 
7f0fe0000000-7f0fe0002000 r--s 00003000 fd:00 4997681                    /home/irrationnelle/.gradle/wrapper/dists/gradle-3.3-all/55gk2rcmfc6p2dg9u9ohc3hw9/gradle-3.3/lib/native-platform-freebsd-amd64-libstdcpp-0.12.jar
7f0fe0002000-7f0fe000f000 r--s 00083000 fd:00 4997655                    /home/irrationnelle/.gradle/wrapper/dists/gradle-3.3-all/55gk2rcmfc6p2dg9u9ohc3hw9/gradle-3.3/lib/commons-collections-3.2.2.jar
7f0fe000f000-7f0fe002e000 r--s 001d1000 fd:00 4997654                    /home/irrationnelle/.gradle/wrapper/dists/gradle-3.3-all/55gk2rcmfc6p2dg9u9ohc3hw9/gradle-3.3/lib/ant-1.9.6.jar
7f0fe002e000-7f0fe0331000 rw-p 00000000 00:00 0 
7f0fe0331000-7f0fe0500000 r--s 03c1b000 fd:00 655647                     /home/irrationnelle/android-studio/jre/jre/lib/rt.jar
7f0fe0500000-7f0fe1000000 rw-p 00000000 00:00 0 
7f0fe1000000-7f0fe46f0000 rwxp 00000000 00:00 0 
7f0fe46f0000-7f0ff0000000 ---p 00000000 00:00 0 
7f0ff0000000-7f0ff0e02000 rw-p 00000000 00:00 0 
7f0ff0e02000-7f0ff4000000 ---p 00000000 00:00 0 
7f0ff4000000-7f0ff4001000 r--s 00004000 fd:00 4997680                    /home/irrationnelle/.gradle/wrapper/dists/gradle-3.3-all/55gk2rcmfc6p2dg9u9ohc3hw9/gradle-3.3/lib/native-platform-freebsd-amd64-libcpp-0.12.jar
7f0ff4001000-7f0ff4004000 r--s 0000a000 fd:00 4997644                    /home/irrationnelle/.gradle/wrapper/dists/gradle-3.3-all/55gk2rcmfc6p2dg9u9ohc3hw9/gradle-3.3/lib/gradle-native-3.3.jar
7f0ff4004000-7f0ff4006000 r--s 00005000 fd:00 4997596                    /home/irrationnelle/.gradle/wrapper/dists/gradle-3.3-all/55gk2rcmfc6p2dg9u9ohc3hw9/gradle-3.3/lib/gradle-cli-3.3.jar
7f0ff4006000-7f0ff4008000 r--s 00007000 fd:00 4997652                    /home/irrationnelle/.gradle/wrapper/dists/gradle-3.3-all/55gk2rcmfc6p2dg9u9ohc3hw9/gradle-3.3/lib/gradle-model-groovy-3.3.jar
7f0ff4008000-7f0ff4150000 rw-p 00000000 00:00 0 
7f0ff4150000-7f0ff4151000 ---p 00000000 00:00 0 
7f0ff4151000-7f0ff4251000 rw-p 00000000 00:00 0 
7f0ff4251000-7f0ff4252000 ---p 00000000 00:00 0 
7f0ff4252000-7f0ff4352000 rw-p 00000000 00:00 0 
7f0ff4352000-7f0ff4353000 ---p 00000000 00:00 0 
7f0ff4353000-7f0ff4453000 rw-p 00000000 00:00 0 
7f0ff4453000-7f0ff4454000 ---p 00000000 00:00 0 
7f0ff4454000-7f0ff4641000 rw-p 00000000 00:00 0 
7f0ff4641000-7f0ff4754000 ---p 00000000 00:00 0 
7f0ff4754000-7f0ff4841000 rw-p 00000000 00:00 0 
7f0ff4841000-7f0ff4954000 ---p 00000000 00:00 0 
7f0ff4954000-7f0ff4a54000 rw-p 00000000 00:00 0 
7f0ff4a54000-7f0ff4b31000 rw-p 00000000 00:00 0 
7f0ff4b31000-7f0ff4e15000 ---p 00000000 00:00 0 
7f0ff4e15000-7f0ff4e2f000 r-xp 00000000 fd:00 1184504                    /home/irrationnelle/android-studio/jre/jre/lib/amd64/libzip.so
7f0ff4e2f000-7f0ff502f000 ---p 0001a000 fd:00 1184504                    /home/irrationnelle/android-studio/jre/jre/lib/amd64/libzip.so
7f0ff502f000-7f0ff5030000 r--p 0001a000 fd:00 1184504                    /home/irrationnelle/android-studio/jre/jre/lib/amd64/libzip.so
7f0ff5030000-7f0ff5031000 rw-p 0001b000 fd:00 1184504                    /home/irrationnelle/android-studio/jre/jre/lib/amd64/libzip.so
7f0ff5031000-7f0ff503b000 r-xp 00000000 fd:00 3939980                    /usr/lib64/libnss_files-2.24.so
7f0ff503b000-7f0ff523b000 ---p 0000a000 fd:00 3939980                    /usr/lib64/libnss_files-2.24.so
7f0ff523b000-7f0ff523c000 r--p 0000a000 fd:00 3939980                    /usr/lib64/libnss_files-2.24.so
7f0ff523c000-7f0ff523d000 rw-p 0000b000 fd:00 3939980                    /usr/lib64/libnss_files-2.24.so
7f0ff523d000-7f0ff5243000 rw-p 00000000 00:00 0 
7f0ff5243000-7f0ff5270000 r-xp 00000000 fd:00 1183920                    /home/irrationnelle/android-studio/jre/jre/lib/amd64/libjava.so
7f0ff5270000-7f0ff546f000 ---p 0002d000 fd:00 1183920                    /home/irrationnelle/android-studio/jre/jre/lib/amd64/libjava.so
7f0ff546f000-7f0ff5470000 r--p 0002c000 fd:00 1183920                    /home/irrationnelle/android-studio/jre/jre/lib/amd64/libjava.so
7f0ff5470000-7f0ff5472000 rw-p 0002d000 fd:00 1183920                    /home/irrationnelle/android-studio/jre/jre/lib/amd64/libjava.so
7f0ff5472000-7f0ff5482000 r-xp 00000000 fd:00 1184530                    /home/irrationnelle/android-studio/jre/jre/lib/amd64/libverify.so
7f0ff5482000-7f0ff5681000 ---p 00010000 fd:00 1184530                    /home/irrationnelle/android-studio/jre/jre/lib/amd64/libverify.so
7f0ff5681000-7f0ff5683000 r--p 0000f000 fd:00 1184530                    /home/irrationnelle/android-studio/jre/jre/lib/amd64/libverify.so
7f0ff5683000-7f0ff5684000 rw-p 00011000 fd:00 1184530                    /home/irrationnelle/android-studio/jre/jre/lib/amd64/libverify.so
7f0ff5684000-7f0ff568b000 r-xp 00000000 fd:00 3940425                    /usr/lib64/librt-2.24.so
7f0ff568b000-7f0ff588a000 ---p 00007000 fd:00 3940425                    /usr/lib64/librt-2.24.so
7f0ff588a000-7f0ff588b000 r--p 00006000 fd:00 3940425                    /usr/lib64/librt-2.24.so
7f0ff588b000-7f0ff588c000 rw-p 00007000 fd:00 3940425                    /usr/lib64/librt-2.24.so
7f0ff588c000-7f0ff5994000 r-xp 00000000 fd:00 3938038                    /usr/lib64/libm-2.24.so
7f0ff5994000-7f0ff5b93000 ---p 00108000 fd:00 3938038                    /usr/lib64/libm-2.24.so
7f0ff5b93000-7f0ff5b94000 r--p 00107000 fd:00 3938038                    /usr/lib64/libm-2.24.so
7f0ff5b94000-7f0ff5b95000 rw-p 00108000 fd:00 3938038                    /usr/lib64/libm-2.24.so
7f0ff5b95000-7f0ff6786000 r-xp 00000000 fd:00 1183915                    /home/irrationnelle/android-studio/jre/jre/lib/amd64/server/libjvm.so
7f0ff6786000-7f0ff6986000 ---p 00bf1000 fd:00 1183915                    /home/irrationnelle/android-studio/jre/jre/lib/amd64/server/libjvm.so
7f0ff6986000-7f0ff6a25000 r--p 00bf1000 fd:00 1183915                    /home/irrationnelle/android-studio/jre/jre/lib/amd64/server/libjvm.so
7f0ff6a25000-7f0ff6a4e000 rw-p 00c90000 fd:00 1183915                    /home/irrationnelle/android-studio/jre/jre/lib/amd64/server/libjvm.so
7f0ff6a4e000-7f0ff6a92000 rw-p 00000000 00:00 0 
7f0ff6a92000-7f0ff6aaa000 r-xp 00000000 fd:00 3940353                    /usr/lib64/libpthread-2.24.so
7f0ff6aaa000-7f0ff6caa000 ---p 00018000 fd:00 3940353                    /usr/lib64/libpthread-2.24.so
7f0ff6caa000-7f0ff6cab000 r--p 00018000 fd:00 3940353                    /usr/lib64/libpthread-2.24.so
7f0ff6cab000-7f0ff6cac000 rw-p 00019000 fd:00 3940353                    /usr/lib64/libpthread-2.24.so
7f0ff6cac000-7f0ff6cb0000 rw-p 00000000 00:00 0 
7f0ff6cb0000-7f0ff6cb3000 r-xp 00000000 fd:00 3938036                    /usr/lib64/libdl-2.24.so
7f0ff6cb3000-7f0ff6eb2000 ---p 00003000 fd:00 3938036                    /usr/lib64/libdl-2.24.so
7f0ff6eb2000-7f0ff6eb3000 r--p 00002000 fd:00 3938036                    /usr/lib64/libdl-2.24.so
7f0ff6eb3000-7f0ff6eb4000 rw-p 00003000 fd:00 3938036                    /usr/lib64/libdl-2.24.so
7f0ff6eb4000-7f0ff7071000 r-xp 00000000 fd:00 3938032                    /usr/lib64/libc-2.24.so
7f0ff7071000-7f0ff7270000 ---p 001bd000 fd:00 3938032                    /usr/lib64/libc-2.24.so
7f0ff7270000-7f0ff7274000 r--p 001bc000 fd:00 3938032                    /usr/lib64/libc-2.24.so
7f0ff7274000-7f0ff7276000 rw-p 001c0000 fd:00 3938032                    /usr/lib64/libc-2.24.so
7f0ff7276000-7f0ff727a000 rw-p 00000000 00:00 0 
7f0ff727a000-7f0ff7290000 r-xp 00000000 fd:00 657296                     /home/irrationnelle/android-studio/jre/lib/amd64/jli/libjli.so
7f0ff7290000-7f0ff748f000 ---p 00016000 fd:00 657296                     /home/irrationnelle/android-studio/jre/lib/amd64/jli/libjli.so
7f0ff748f000-7f0ff7490000 r--p 00015000 fd:00 657296                     /home/irrationnelle/android-studio/jre/lib/amd64/jli/libjli.so
7f0ff7490000-7f0ff7491000 rw-p 00016000 fd:00 657296                     /home/irrationnelle/android-studio/jre/lib/amd64/jli/libjli.so
7f0ff7491000-7f0ff74b6000 r-xp 00000000 fd:00 3938025                    /usr/lib64/ld-2.24.so
7f0ff74b6000-7f0ff74b8000 r--s 00006000 fd:00 4997661                    /home/irrationnelle/.gradle/wrapper/dists/gradle-3.3-all/55gk2rcmfc6p2dg9u9ohc3hw9/gradle-3.3/lib/gradle-base-services-groovy-3.3.jar
7f0ff74b8000-7f0ff74b9000 r--s 00002000 fd:00 4997665                    /home/irrationnelle/.gradle/wrapper/dists/gradle-3.3-all/55gk2rcmfc6p2dg9u9ohc3hw9/gradle-3.3/lib/gradle-docs-3.3.jar
7f0ff74b9000-7f0ff74ba000 r--s 00000000 fd:00 4997659                    /home/irrationnelle/.gradle/wrapper/dists/gradle-3.3-all/55gk2rcmfc6p2dg9u9ohc3hw9/gradle-3.3/lib/javax.inject-1.jar
7f0ff74ba000-7f0ff74bb000 r--s 00000000 fd:00 4997658                    /home/irrationnelle/.gradle/wrapper/dists/gradle-3.3-all/55gk2rcmfc6p2dg9u9ohc3hw9/gradle-3.3/lib/jcip-annotations-1.0.jar
7f0ff74bb000-7f0ff74bf000 r--s 00027000 fd:00 4997656                    /home/irrationnelle/.gradle/wrapper/dists/gradle-3.3-all/55gk2rcmfc6p2dg9u9ohc3hw9/gradle-3.3/lib/commons-io-2.2.jar
7f0ff74bf000-7f0ff74c4000 r--s 00038000 fd:00 4997653                    /home/irrationnelle/.gradle/wrapper/dists/gradle-3.3-all/55gk2rcmfc6p2dg9u9ohc3hw9/gradle-3.3/lib/asm-all-5.1.jar
7f0ff74c4000-7f0ff74c5000 r--s 00001000 fd:00 4997649                    /home/irrationnelle/.gradle/wrapper/dists/gradle-3.3-all/55gk2rcmfc6p2dg9u9ohc3hw9/gradle-3.3/lib/gradle-process-services-3.3.jar
7f0ff74c5000-7f0ff74c7000 r--s 00000000 fd:00 4997594                    /home/irrationnelle/.gradle/wrapper/dists/gradle-3.3-all/55gk2rcmfc6p2dg9u9ohc3hw9/gradle-3.3/lib/gradle-jvm-services-3.3.jar
7f0ff74c7000-7f0ff74cc000 r--s 00041000 fd:00 4997648                    /home/irrationnelle/.gradle/wrapper/dists/gradle-3.3-all/55gk2rcmfc6p2dg9u9ohc3hw9/gradle-3.3/lib/commons-lang-2.6.jar
7f0ff74cc000-7f0ff74d5000 r--s 00042000 fd:00 4997591                    /home/irrationnelle/.gradle/wrapper/dists/gradle-3.3-all/55gk2rcmfc6p2dg9u9ohc3hw9/gradle-3.3/lib/gradle-base-services-3.3.jar
7f0ff74d5000-7f0ff7597000 rw-p 00000000 00:00 0 
7f0ff7597000-7f0ff759a000 ---p 00000000 00:00 0 
7f0ff759a000-7f0ff769a000 rw-p 00000000 00:00 0 
7f0ff769a000-7f0ff769b000 r--s 00000000 fd:00 4999170                    /home/irrationnelle/.gradle/wrapper/dists/gradle-3.3-all/55gk2rcmfc6p2dg9u9ohc3hw9/gradle-3.3/lib/gradle-version-info-3.3.jar
7f0ff769b000-7f0ff769c000 r--s 00007000 fd:00 4997646                    /home/irrationnelle/.gradle/wrapper/dists/gradle-3.3-all/55gk2rcmfc6p2dg9u9ohc3hw9/gradle-3.3/lib/slf4j-api-1.7.10.jar
7f0ff769c000-7f0ff769d000 r--s 00004000 fd:00 4997677                    /home/irrationnelle/.gradle/wrapper/dists/gradle-3.3-all/55gk2rcmfc6p2dg9u9ohc3hw9/gradle-3.3/lib/ant-launcher-1.9.6.jar
7f0ff769d000-7f0ff76aa000 r--s 0005c000 fd:00 4997587                    /home/irrationnelle/.gradle/wrapper/dists/gradle-3.3-all/55gk2rcmfc6p2dg9u9ohc3hw9/gradle-3.3/lib/gradle-launcher-3.3.jar
7f0ff76aa000-7f0ff76b2000 rw-s 00000000 fd:00 1709767                    /tmp/hsperfdata_irrationnelle/3561
7f0ff76b2000-7f0ff76b3000 rw-p 00000000 00:00 0 
7f0ff76b3000-7f0ff76b4000 ---p 00000000 00:00 0 
7f0ff76b4000-7f0ff76b6000 rw-p 00000000 00:00 0 
7f0ff76b6000-7f0ff76b7000 r--p 00025000 fd:00 3938025                    /usr/lib64/ld-2.24.so
7f0ff76b7000-7f0ff76b8000 rw-p 00026000 fd:00 3938025                    /usr/lib64/ld-2.24.so
7f0ff76b8000-7f0ff76b9000 rw-p 00000000 00:00 0 
7ffd58327000-7ffd58348000 rw-p 00000000 00:00 0                          [stack]
7ffd583a9000-7ffd583ab000 r--p 00000000 00:00 0                          [vvar]
7ffd583ab000-7ffd583ad000 r-xp 00000000 00:00 0                          [vdso]
ffffffffff600000-ffffffffff601000 r-xp 00000000 00:00 0                  [vsyscall]

VM Arguments:
jvm_args: -Xmx1536m -Dfile.encoding=UTF-8 -Djava.io.tmpdir=/home/irrationnelle/tmp -Duser.country=US -Duser.language=en -Duser.variant 
java_command: org.gradle.launcher.daemon.bootstrap.GradleDaemon 3.3
java_class_path (initial): /home/irrationnelle/.gradle/wrapper/dists/gradle-3.3-all/55gk2rcmfc6p2dg9u9ohc3hw9/gradle-3.3/lib/gradle-launcher-3.3.jar
Launcher Type: SUN_STANDARD

Environment Variables:
PATH=/usr/lib64/qt-3.3/bin:/usr/local/bin:/usr/local/sbin:/usr/bin:/usr/sbin:/home/irrationnelle/bin
USERNAME=irrationnelle
LD_LIBRARY_PATH=/home/irrationnelle/android-studio/bin:
SHELL=/bin/zsh
DISPLAY=:0

Signal Handlers:
SIGSEGV: [libjvm.so+0x9e5150], sa_mask[0]=11111111011111111101111111111110, sa_flags=SA_RESTART|SA_SIGINFO
SIGBUS: [libjvm.so+0x9e5150], sa_mask[0]=11111111011111111101111111111110, sa_flags=SA_RESTART|SA_SIGINFO
SIGFPE: [libjvm.so+0x848450], sa_mask[0]=11111111011111111101111111111110, sa_flags=SA_RESTART|SA_SIGINFO
SIGPIPE: [libjvm.so+0x848450], sa_mask[0]=11111111011111111101111111111110, sa_flags=SA_RESTART|SA_SIGINFO
SIGXFSZ: [libjvm.so+0x848450], sa_mask[0]=11111111011111111101111111111110, sa_flags=SA_RESTART|SA_SIGINFO
SIGILL: [libjvm.so+0x848450], sa_mask[0]=11111111011111111101111111111110, sa_flags=SA_RESTART|SA_SIGINFO
SIGUSR1: SIG_DFL, sa_mask[0]=00000000000000000000000000000000, sa_flags=none
SIGUSR2: [libjvm.so+0x848320], sa_mask[0]=00100000000000000000000000000000, sa_flags=SA_RESTART|SA_SIGINFO
SIGHUP: [libjvm.so+0x848510], sa_mask[0]=11111111011111111101111111111110, sa_flags=SA_RESTART|SA_SIGINFO
SIGINT: [libjvm.so+0x848510], sa_mask[0]=11111111011111111101111111111110, sa_flags=SA_RESTART|SA_SIGINFO
SIGTERM: [libjvm.so+0x848510], sa_mask[0]=11111111011111111101111111111110, sa_flags=SA_RESTART|SA_SIGINFO
SIGQUIT: [libjvm.so+0x848510], sa_mask[0]=11111111011111111101111111111110, sa_flags=SA_RESTART|SA_SIGINFO


---------------  S Y S T E M  ---------------

OS:Fedora release 25 (Twenty Five)

uname:Linux 4.9.13-200.fc25.x86_64 #1 SMP Mon Feb 27 16:48:42 UTC 2017 x86_64
libc:glibc 2.24 NPTL 2.24 
rlimit: STACK 8192k, CORE 0k, NPROC 15151, NOFILE 4096, AS infinity
load average:1.01 1.57 1.39

/proc/meminfo:
MemTotal:        3963600 kB
MemFree:          108556 kB
MemAvailable:      23232 kB
Buffers:            1868 kB
Cached:           523052 kB
SwapCached:         7264 kB
Active:          3011520 kB
Inactive:         609912 kB
Active(anon):    2990092 kB
Inactive(anon):   597636 kB
Active(file):      21428 kB
Inactive(file):    12276 kB
Unevictable:         180 kB
Mlocked:             180 kB
SwapTotal:       2097148 kB
SwapFree:              8 kB
Dirty:               412 kB
Writeback:             0 kB
AnonPages:       3089556 kB
Mapped:           176132 kB
Shmem:            491064 kB
Slab:             100352 kB
SReclaimable:      42704 kB
SUnreclaim:        57648 kB
KernelStack:        9760 kB
PageTables:        49724 kB
NFS_Unstable:          0 kB
Bounce:                0 kB
WritebackTmp:          0 kB
CommitLimit:     4078948 kB
Committed_AS:    9156952 kB
VmallocTotal:   34359738367 kB
VmallocUsed:           0 kB
VmallocChunk:          0 kB
HardwareCorrupted:     0 kB
AnonHugePages:         0 kB
ShmemHugePages:        0 kB
ShmemPmdMapped:        0 kB
CmaTotal:              0 kB
CmaFree:               0 kB
HugePages_Total:       0
HugePages_Free:        0
HugePages_Rsvd:        0
HugePages_Surp:        0
Hugepagesize:       2048 kB
DirectMap4k:      134700 kB
DirectMap2M:     3977216 kB
DirectMap1G:           0 kB


CPU:total 4 (2 cores per cpu, 2 threads per core) family 6 model 78 stepping 3, cmov, cx8, fxsr, mmx, sse, sse2, sse3, ssse3, sse4.1, sse4.2, popcnt, aes, clmul, erms, 3dnowpref, lzcnt, ht, tsc, tscinvbit

/proc/cpuinfo:
processor	: 0
vendor_id	: GenuineIntel
cpu family	: 6
model		: 78
model name	: Intel(R) Pentium(R) CPU 4405U @ 2.10GHz
stepping	: 3
microcode	: 0x9e
cpu MHz		: 1088.708
cache size	: 2048 KB
physical id	: 0
siblings	: 4
core id		: 0
cpu cores	: 2
apicid		: 0
initial apicid	: 0
fpu		: yes
fpu_exception	: yes
cpuid level	: 22
wp		: yes
flags		: fpu vme de pse tsc msr pae mce cx8 apic sep mtrr pge mca cmov pat pse36 clflush dts acpi mmx fxsr sse sse2 ss ht tm pbe syscall nx pdpe1gb rdtscp lm constant_tsc art arch_perfmon pebs bts rep_good nopl xtopology nonstop_tsc aperfmperf eagerfpu pni pclmulqdq dtes64 monitor ds_cpl vmx est tm2 ssse3 sdbg cx16 xtpr pdcm pcid sse4_1 sse4_2 x2apic movbe popcnt tsc_deadline_timer aes xsave rdrand lahf_lm abm 3dnowprefetch epb intel_pt tpr_shadow vnmi flexpriority ept vpid fsgsbase tsc_adjust erms invpcid rdseed smap clflushopt xsaveopt xsavec xgetbv1 xsaves dtherm ida arat pln pts hwp hwp_notify hwp_act_window hwp_epp
bugs		:
bogomips	: 4224.00
clflush size	: 64
cache_alignment	: 64
address sizes	: 39 bits physical, 48 bits virtual
power management:

processor	: 1
vendor_id	: GenuineIntel
cpu family	: 6
model		: 78
model name	: Intel(R) Pentium(R) CPU 4405U @ 2.10GHz
stepping	: 3
microcode	: 0x9e
cpu MHz		: 876.196
cache size	: 2048 KB
physical id	: 0
siblings	: 4
core id		: 1
cpu cores	: 2
apicid		: 2
initial apicid	: 2
fpu		: yes
fpu_exception	: yes
cpuid level	: 22
wp		: yes
flags		: fpu vme de pse tsc msr pae mce cx8 apic sep mtrr pge mca cmov pat pse36 clflush dts acpi mmx fxsr sse sse2 ss ht tm pbe syscall nx pdpe1gb rdtscp lm constant_tsc art arch_perfmon pebs bts rep_good nopl xtopology nonstop_tsc aperfmperf eagerfpu pni pclmulqdq dtes64 monitor ds_cpl vmx est tm2 ssse3 sdbg cx16 xtpr pdcm pcid sse4_1 sse4_2 x2apic movbe popcnt tsc_deadline_timer aes xsave rdrand lahf_lm abm 3dnowprefetch epb intel_pt tpr_shadow vnmi flexpriority ept vpid fsgsbase tsc_adjust erms invpcid rdseed smap clflushopt xsaveopt xsavec xgetbv1 xsaves dtherm ida arat pln pts hwp hwp_notify hwp_act_window hwp_epp
bugs		:
bogomips	: 4227.98
clflush size	: 64
cache_alignment	: 64
address sizes	: 39 bits physical, 48 bits virtual
power management:

processor	: 2
vendor_id	: GenuineIntel
cpu family	: 6
model		: 78
model name	: Intel(R) Pentium(R) CPU 4405U @ 2.10GHz
stepping	: 3
microcode	: 0x9e
cpu MHz		: 806.341
cache size	: 2048 KB
physical id	: 0
siblings	: 4
core id		: 0
cpu cores	: 2
apicid		: 1
initial apicid	: 1
fpu		: yes
fpu_exception	: yes
cpuid level	: 22
wp		: yes
flags		: fpu vme de pse tsc msr pae mce cx8 apic sep mtrr pge mca cmov pat pse36 clflush dts acpi mmx fxsr sse sse2 ss ht tm pbe syscall nx pdpe1gb rdtscp lm constant_tsc art arch_perfmon pebs bts rep_good nopl xtopology nonstop_tsc aperfmperf eagerfpu pni pclmulqdq dtes64 monitor ds_cpl vmx est tm2 ssse3 sdbg cx16 xtpr pdcm pcid sse4_1 sse4_2 x2apic movbe popcnt tsc_deadline_timer aes xsave rdrand lahf_lm abm 3dnowprefetch epb intel_pt tpr_shadow vnmi flexpriority ept vpid fsgsbase tsc_adjust erms invpcid rdseed smap clflushopt xsaveopt xsavec xgetbv1 xsaves dtherm ida arat pln pts hwp hwp_notify hwp_act_window hwp_epp
bugs		:
bogomips	: 4229.86
clflush size	: 64
cache_alignment	: 64
address sizes	: 39 bits physical, 48 bits virtual
power management:

processor	: 3
vendor_id	: GenuineIntel
cpu family	: 6
model		: 78
model name	: Intel(R) Pentium(R) CPU 4405U @ 2.10GHz
stepping	: 3
microcode	: 0x9e
cpu MHz		: 1979.901
cache size	: 2048 KB
physical id	: 0
siblings	: 4
core id		: 1
cpu cores	: 2
apicid		: 3
initial apicid	: 3
fpu		: yes
fpu_exception	: yes
cpuid level	: 22
wp		: yes
flags		: fpu vme de pse tsc msr pae mce cx8 apic sep mtrr pge mca cmov pat pse36 clflush dts acpi mmx fxsr sse sse2 ss ht tm pbe syscall nx pdpe1gb rdtscp lm constant_tsc art arch_perfmon pebs bts rep_good nopl xtopology nonstop_tsc aperfmperf eagerfpu pni pclmulqdq dtes64 monitor ds_cpl vmx est tm2 ssse3 sdbg cx16 xtpr pdcm pcid sse4_1 sse4_2 x2apic movbe popcnt tsc_deadline_timer aes xsave rdrand lahf_lm abm 3dnowprefetch epb intel_pt tpr_shadow vnmi flexpriority ept vpid fsgsbase tsc_adjust erms invpcid rdseed smap clflushopt xsaveopt xsavec xgetbv1 xsaves dtherm ida arat pln pts hwp hwp_notify hwp_act_window hwp_epp
bugs		:
bogomips	: 4228.27
clflush size	: 64
cache_alignment	: 64
address sizes	: 39 bits physical, 48 bits virtual
power management:



Memory: 4k page, physical 3963600k(108556k free), swap 2097148k(4k free)

vm_info: OpenJDK 64-Bit Server VM (25.112-b06) for linux-amd64 JRE (1.8.0_112-release-b06), built on Dec  6 2016 12:11:18 by "builder" with gcc 4.8.4

time: Tue Mar  7 00:53:34 2017
elapsed time: 860 seconds (0d 0h 14m 20s)

